1505986288293	geckodriver	INFO	geckodriver 0.19.0
1505986288303	geckodriver	INFO	Listening on 127.0.0.1:60697

1505858135726	mozrunner::runner	INFO	Running command: "C:\\Program Files\\Mozilla Firefox\\firefox.exe" "-marionette" "-profile" "C:\\Users\\soldier\\AppData\\Local\\Temp\\rust_mozprofile.lD0HkNttWnYb"
1505858136103	addons.xpi	WARN	Error parsing extensions state: [Exception... "Component returned failure code: 0x80520012 (NS_ERROR_FILE_NOT_FOUND) [amIAddonManagerStartup.readStartupData]"  nsresult: "0x80520012 (NS_ERROR_FILE_NOT_FOUND)"  location: "JS frame :: resource://gre/modules/addons/XPIProvider.jsm :: loadExtensionState :: line 1596"  data: no] Stack trace: loadExtensionState()@resource://gre/modules/addons/XPIProvider.jsm:1596 < getInstallState()@resource://gre/modules/addons/XPIProvider.jsm:1631 < checkForChanges()@resource://gre/modules/addons/XPIProvider.jsm:3152 < startup()@resource://gre/modules/addons/XPIProvider.jsm:2246 < callProvider()@resource://gre/modules/AddonManager.jsm:271 < _startProvider()@resource://gre/modules/AddonManager.jsm:741 < startup()@resource://gre/modules/AddonManager.jsm:908 < startup()@resource://gre/modules/AddonManager.jsm:3122 < observe()@jar:file:///C:/Program%20Files/Mozilla%20Firefox/omni.ja!/components/addonManager.js:65
1505858136413	Marionette	INFO	Enabled via --marionette
1505858137538	Marionette	INFO	Listening on port 58729
1505858137548	Marionette	INFO	Listening on port 58729
1505858137740	Marionette	WARN	TLS certificate errors will be ignored for this session
1505858137765	Marionette	DEBUG	loaded listener.js
1505858137782	Marionette	DEBUG	Received DOM event "beforeunload" for "about:blank"
1505858138164	Marionette	DEBUG	Received DOM event "pagehide" for "about:blank"
1505858138164	Marionette	DEBUG	Received DOM event "unload" for "about:blank"
1505858138202	addons.productaddons	ERROR	Request failed certificate checks: [Exception... "Certificate checks failed. See previous errors for details."  nsresult: "0x80070057 (NS_ERROR_ILLEGAL_VALUE)"  location: "JS frame :: resource://gre/modules/CertUtils.jsm :: validateCert :: line 113"  data: no]
1505858138673	Marionette	DEBUG	Received DOM event "DOMContentLoaded" for "https://www.google.co.in/search?q=FlightGear&source=lnms&tbm=isch"
1505858139061	Marionette	DEBUG	Received observer notification "outer-window-destroyed" for "2147483656"
1505858139083	Marionette	DEBUG	Received DOM event "DOMContentLoaded" for "https://www.google.co.in/search?q=FlightGear&source=lnms&tbm=isch"
1505858139090	Marionette	DEBUG	Received DOM event "pageshow" for "https://www.google.co.in/search?q=FlightGear&source=lnms&tbm=isch"
1505858139270	Marionette	DEBUG	Received DOM event "pageshow" for "https://www.google.co.in/search?q=FlightGear&source=lnms&tbm=isch"
Unable to read VR Path Registry from C:\Users\soldier\AppData\Local\openvr\openvrpaths.vrpath
[GPU 1972] WARNING: pipe error: 109: file c:/builds/moz2_slave/m-rel-w64-00000000000000000000/build/src/ipc/chromium/src/chrome/common/ipc_channel_win.cc, line 346
[GPU 1972] WARNING: pipe error: 109: file c:/builds/moz2_slave/m-rel-w64-00000000000000000000/build/src/ipc/chromium/src/chrome/common/ipc_channel_win.cc, line 346
Unable to read VR Path Registry from C:\Users\soldier\AppData\Local\openvr\openvrpaths.vrpath
[Child 10440] WARNING: pipe error: 109: file c:/builds/moz2_slave/m-rel-w64-00000000000000000000/build/src/ipc/chromium/src/chrome/common/ipc_channel_win.cc, line 346
[Child 10440] WARNING: pipe error: 109: file c:/builds/moz2_slave/m-rel-w64-00000000000000000000/build/src/ipc/chromium/src/chrome/common/ipc_channel_win.cc, line 346

###!!! [Child][MessageChannel::SendAndWait] Error: Channel error: cannot send/recv

Unable to read VR Path Registry from C:\Users\soldier\AppData\Local\openvr\openvrpaths.vrpath
1505858904245	geckodriver	INFO	geckodriver 0.19.0
1505858904266	geckodriver	INFO	Listening on 127.0.0.1:59156
1505858906298	mozrunner::runner	INFO	Running command: "C:\\Program Files\\Mozilla Firefox\\firefox.exe" "-marionette" "-profile" "C:\\Users\\soldier\\AppData\\Local\\Temp\\rust_mozprofile.k2gIgrCdBGmg"
1505858906626	addons.xpi	WARN	Error parsing extensions state: [Exception... "Component returned failure code: 0x80520012 (NS_ERROR_FILE_NOT_FOUND) [amIAddonManagerStartup.readStartupData]"  nsresult: "0x80520012 (NS_ERROR_FILE_NOT_FOUND)"  location: "JS frame :: resource://gre/modules/addons/XPIProvider.jsm :: loadExtensionState :: line 1596"  data: no] Stack trace: loadExtensionState()@resource://gre/modules/addons/XPIProvider.jsm:1596 < getInstallState()@resource://gre/modules/addons/XPIProvider.jsm:1631 < checkForChanges()@resource://gre/modules/addons/XPIProvider.jsm:3152 < startup()@resource://gre/modules/addons/XPIProvider.jsm:2246 < callProvider()@resource://gre/modules/AddonManager.jsm:271 < _startProvider()@resource://gre/modules/AddonManager.jsm:741 < startup()@resource://gre/modules/AddonManager.jsm:908 < startup()@resource://gre/modules/AddonManager.jsm:3122 < observe()@jar:file:///C:/Program%20Files/Mozilla%20Firefox/omni.ja!/components/addonManager.js:65
1505858906930	Marionette	INFO	Enabled via --marionette
Unable to read VR Path Registry from C:\Users\soldier\AppData\Local\openvr\openvrpaths.vrpath
[GPU 7116] WARNING: pipe error: 109: file c:/builds/moz2_slave/m-rel-w64-00000000000000000000/build/src/ipc/chromium/src/chrome/common/ipc_channel_win.cc, line 346
1505858907983	Marionette	INFO	Listening on port 59162
1505858907991	Marionette	INFO	Listening on port 59162
1505858908308	Marionette	WARN	TLS certificate errors will be ignored for this session
1505858908332	Marionette	DEBUG	loaded listener.js
1505858908348	Marionette	DEBUG	Received DOM event "beforeunload" for "about:blank"
1505858908755	Marionette	DEBUG	Received DOM event "pagehide" for "about:blank"
1505858908755	Marionette	DEBUG	Received DOM event "unload" for "about:blank"
1505858908787	addons.productaddons	ERROR	Request failed certificate checks: [Exception... "Certificate checks failed. See previous errors for details."  nsresult: "0x80070057 (NS_ERROR_ILLEGAL_VALUE)"  location: "JS frame :: resource://gre/modules/CertUtils.jsm :: validateCert :: line 113"  data: no]
1505858909050	Marionette	DEBUG	Received DOM event "DOMContentLoaded" for "https://www.google.co.in/search?q=FlightGear&source=lnms&tbm=isch"
1505858909384	Marionette	DEBUG	Received observer notification "outer-window-destroyed" for "2147483656"
1505858909387	Marionette	DEBUG	Received DOM event "DOMContentLoaded" for "https://www.google.co.in/search?q=FlightGear&source=lnms&tbm=isch"
1505858909395	Marionette	DEBUG	Received DOM event "pageshow" for "https://www.google.co.in/search?q=FlightGear&source=lnms&tbm=isch"
1505858909921	Marionette	DEBUG	Received DOM event "pageshow" for "https://www.google.co.in/search?q=FlightGear&source=lnms&tbm=isch"
[GPU 7116] WARNING: pipe error: 109: file c:/builds/moz2_slave/m-rel-w64-00000000000000000000/build/src/ipc/chromium/src/chrome/common/ipc_channel_win.cc, line 346
[GPU 7116] WARNING: pipe error: 109: file c:/builds/moz2_slave/m-rel-w64-00000000000000000000/build/src/ipc/chromium/src/chrome/common/ipc_channel_win.cc, line 346
Unable to read VR Path Registry from C:\Users\soldier\AppData\Local\openvr\openvrpaths.vrpath
[Parent 15296] WARNING: pipe error: 109: file c:/builds/moz2_slave/m-rel-w64-00000000000000000000/build/src/ipc/chromium/src/chrome/common/ipc_channel_win.cc, line 346
Unable to read VR Path Registry from C:\Users\soldier\AppData\Local\openvr\openvrpaths.vrpath
[Child 8800] WARNING: pipe error: 109: file c:/builds/moz2_slave/m-rel-w64-00000000000000000000/build/src/ipc/chromium/src/chrome/common/ipc_channel_win.cc, line 346
[Child 8800] WARNING: pipe error: 109: file c:/builds/moz2_slave/m-rel-w64-00000000000000000000/build/src/ipc/chromium/src/chrome/common/ipc_channel_win.cc, line 346

###!!! [Child][MessageChannel::SendAndWait] Error: Channel error: cannot send/recv

1505858979675	geckodriver	INFO	geckodriver 0.19.0
1505858979697	geckodriver	INFO	Listening on 127.0.0.1:59269
1505858981732	mozrunner::runner	INFO	Running command: "C:\\Program Files\\Mozilla Firefox\\firefox.exe" "-marionette" "-profile" "C:\\Users\\soldier\\AppData\\Local\\Temp\\rust_mozprofile.VtgGboTDrHHs"
1505858982053	addons.xpi	WARN	Error parsing extensions state: [Exception... "Component returned failure code: 0x80520012 (NS_ERROR_FILE_NOT_FOUND) [amIAddonManagerStartup.readStartupData]"  nsresult: "0x80520012 (NS_ERROR_FILE_NOT_FOUND)"  location: "JS frame :: resource://gre/modules/addons/XPIProvider.jsm :: loadExtensionState :: line 1596"  data: no] Stack trace: loadExtensionState()@resource://gre/modules/addons/XPIProvider.jsm:1596 < getInstallState()@resource://gre/modules/addons/XPIProvider.jsm:1631 < checkForChanges()@resource://gre/modules/addons/XPIProvider.jsm:3152 < startup()@resource://gre/modules/addons/XPIProvider.jsm:2246 < callProvider()@resource://gre/modules/AddonManager.jsm:271 < _startProvider()@resource://gre/modules/AddonManager.jsm:741 < startup()@resource://gre/modules/AddonManager.jsm:908 < startup()@resource://gre/modules/AddonManager.jsm:3122 < observe()@jar:file:///C:/Program%20Files/Mozilla%20Firefox/omni.ja!/components/addonManager.js:65
1505858982354	Marionette	INFO	Enabled via --marionette
Unable to read VR Path Registry from C:\Users\soldier\AppData\Local\openvr\openvrpaths.vrpath
[GPU 6992] WARNING: pipe error: 109: file c:/builds/moz2_slave/m-rel-w64-00000000000000000000/build/src/ipc/chromium/src/chrome/common/ipc_channel_win.cc, line 346
1505858983352	Marionette	INFO	Listening on port 59275
1505858983356	Marionette	INFO	Listening on port 59275
1505858983743	Marionette	WARN	TLS certificate errors will be ignored for this session
1505858983767	Marionette	DEBUG	loaded listener.js
1505858983784	Marionette	DEBUG	Received DOM event "beforeunload" for "about:blank"
1505858984069	addons.productaddons	ERROR	Request failed certificate checks: [Exception... "Certificate checks failed. See previous errors for details."  nsresult: "0x80070057 (NS_ERROR_ILLEGAL_VALUE)"  location: "JS frame :: resource://gre/modules/CertUtils.jsm :: validateCert :: line 113"  data: no]
1505858984081	Marionette	DEBUG	Received DOM event "pagehide" for "about:blank"
1505858984081	Marionette	DEBUG	Received DOM event "unload" for "about:blank"
1505858984408	Marionette	DEBUG	Received DOM event "DOMContentLoaded" for "https://www.google.co.in/search?q=FlightGear&source=lnms&tbm=isch"
1505858984713	Marionette	DEBUG	Received observer notification "outer-window-destroyed" for "2147483656"
1505858984720	Marionette	DEBUG	Received DOM event "DOMContentLoaded" for "https://www.google.co.in/search?q=FlightGear&source=lnms&tbm=isch"
1505858984727	Marionette	DEBUG	Received DOM event "pageshow" for "https://www.google.co.in/search?q=FlightGear&source=lnms&tbm=isch"
1505858984994	Marionette	DEBUG	Received DOM event "pageshow" for "https://www.google.co.in/search?q=FlightGear&source=lnms&tbm=isch"
[GPU 6992] WARNING: pipe error: 109: file c:/builds/moz2_slave/m-rel-w64-00000000000000000000/build/src/ipc/chromium/src/chrome/common/ipc_channel_win.cc, line 346
Unable to read VR Path Registry from C:\Users\soldier\AppData\Local\openvr\openvrpaths.vrpath
[Child 16716] WARNING: pipe error: 109: file c:/builds/moz2_slave/m-rel-w64-00000000000000000000/build/src/ipc/chromium/src/chrome/common/ipc_channel_win.cc, line 346
[Child 16716] WARNING: pipe error: 109: file c:/builds/moz2_slave/m-rel-w64-00000000000000000000/build/src/ipc/chromium/src/chrome/common/ipc_channel_win.cc, line 346

###!!! [Child][MessageChannel::SendAndWait] Error: Channel error: cannot send/recv

Unable to read VR Path Registry from C:\Users\soldier\AppData\Local\openvr\openvrpaths.vrpath
1505859062458	geckodriver	INFO	geckodriver 0.19.0
1505859062480	geckodriver	INFO	Listening on 127.0.0.1:59314
1505859064500	mozrunner::runner	INFO	Running command: "C:\\Program Files\\Mozilla Firefox\\firefox.exe" "-marionette" "-profile" "C:\\Users\\soldier\\AppData\\Local\\Temp\\rust_mozprofile.cuIESbh56BQr"
1505859064737	addons.xpi	WARN	Error parsing extensions state: [Exception... "Component returned failure code: 0x80520012 (NS_ERROR_FILE_NOT_FOUND) [amIAddonManagerStartup.readStartupData]"  nsresult: "0x80520012 (NS_ERROR_FILE_NOT_FOUND)"  location: "JS frame :: resource://gre/modules/addons/XPIProvider.jsm :: loadExtensionState :: line 1596"  data: no] Stack trace: loadExtensionState()@resource://gre/modules/addons/XPIProvider.jsm:1596 < getInstallState()@resource://gre/modules/addons/XPIProvider.jsm:1631 < checkForChanges()@resource://gre/modules/addons/XPIProvider.jsm:3152 < startup()@resource://gre/modules/addons/XPIProvider.jsm:2246 < callProvider()@resource://gre/modules/AddonManager.jsm:271 < _startProvider()@resource://gre/modules/AddonManager.jsm:741 < startup()@resource://gre/modules/AddonManager.jsm:908 < startup()@resource://gre/modules/AddonManager.jsm:3122 < observe()@jar:file:///C:/Program%20Files/Mozilla%20Firefox/omni.ja!/components/addonManager.js:65
1505859065035	Marionette	INFO	Enabled via --marionette
Unable to read VR Path Registry from C:\Users\soldier\AppData\Local\openvr\openvrpaths.vrpath
[GPU 16440] WARNING: pipe error: 109: file c:/builds/moz2_slave/m-rel-w64-00000000000000000000/build/src/ipc/chromium/src/chrome/common/ipc_channel_win.cc, line 346
Unable to read VR Path Registry from C:\Users\soldier\AppData\Local\openvr\openvrpaths.vrpath
[Parent 14740] WARNING: pipe error: 109: file c:/builds/moz2_slave/m-rel-w64-00000000000000000000/build/src/ipc/chromium/src/chrome/common/ipc_channel_win.cc, line 346
Unable to read VR Path Registry from C:\Users\soldier\AppData\Local\openvr\openvrpaths.vrpath
[Child 9520] WARNING: pipe error: 109: file c:/builds/moz2_slave/m-rel-w64-00000000000000000000/build/src/ipc/chromium/src/chrome/common/ipc_channel_win.cc, line 346
[Child 9520] WARNING: pipe error: 109: file c:/builds/moz2_slave/m-rel-w64-00000000000000000000/build/src/ipc/chromium/src/chrome/common/ipc_channel_win.cc, line 346
1505859066077	Marionette	INFO	Listening on port 59320
1505859066086	Marionette	INFO	Listening on port 59320
1505859066513	Marionette	WARN	TLS certificate errors will be ignored for this session
1505859066537	Marionette	DEBUG	loaded listener.js
1505859066553	Marionette	DEBUG	Received DOM event "beforeunload" for "about:blank"
1505859066862	Marionette	DEBUG	Received DOM event "pagehide" for "about:blank"
1505859066862	Marionette	DEBUG	Received DOM event "unload" for "about:blank"
1505859067142	Marionette	DEBUG	Received DOM event "DOMContentLoaded" for "https://www.google.co.in/search?q=FlightGear&source=lnms&tbm=isch"
1505859067425	addons.productaddons	ERROR	Request failed certificate checks: [Exception... "Certificate checks failed. See previous errors for details."  nsresult: "0x80070057 (NS_ERROR_ILLEGAL_VALUE)"  location: "JS frame :: resource://gre/modules/CertUtils.jsm :: validateCert :: line 113"  data: no]
1505859067481	Marionette	DEBUG	Received observer notification "outer-window-destroyed" for "4294967301"
1505859067551	Marionette	DEBUG	Received DOM event "DOMContentLoaded" for "https://www.google.co.in/search?q=FlightGear&source=lnms&tbm=isch"
1505859067552	Marionette	DEBUG	Received DOM event "pageshow" for "https://www.google.co.in/search?q=FlightGear&source=lnms&tbm=isch"
1505859068150	Marionette	DEBUG	Received DOM event "pageshow" for "https://www.google.co.in/search?q=FlightGear&source=lnms&tbm=isch"
1505859071066	Marionette	DEBUG	Canceled page load listener because no navigation has been detected
[GPU 16440] WARNING: pipe error: 109: file c:/builds/moz2_slave/m-rel-w64-00000000000000000000/build/src/ipc/chromium/src/chrome/common/ipc_channel_win.cc, line 346
[GPU 16440] WARNING: pipe error: 109: file c:/builds/moz2_slave/m-rel-w64-00000000000000000000/build/src/ipc/chromium/src/chrome/common/ipc_channel_win.cc, line 346
Unable to read VR Path Registry from C:\Users\soldier\AppData\Local\openvr\openvrpaths.vrpath
[Child 6588] WARNING: pipe error: 109: file c:/builds/moz2_slave/m-rel-w64-00000000000000000000/build/src/ipc/chromium/src/chrome/common/ipc_channel_win.cc, line 346

###!!! [Child][MessageChannel::SendAndWait] Error: Channel error: cannot send/recv

oadExtensionState()@resource://gre/modules/addons/XPIProvider.jsm:1596 < getInstallState()@resource://gre/modules/addons/XPIProvider.jsm:1631 < checkForChanges()@resource://gre/modules/addons/XPIProvider.jsm:3152 < startup()@resource://gre/modules/addons/XPIProvider.jsm:2246 < callProvider()@resource://gre/modules/AddonManager.jsm:271 < _startProvider()@resource://gre/modules/AddonManager.jsm:741 < startup()@resource://gre/modules/AddonManager.jsm:908 < startup()@resource://gre/modules/AddonManager.jsm:3122 < observe()@jar:file:///C:/Program%20Files/Mozilla%20Firefox/omni.ja!/components/addonManager.js:65
1505859277377	Marionette	INFO	Enabled via --marionette
Unable to read VR Path Registry from C:\Users\soldier\AppData\Local\openvr\openvrpaths.vrpath
[GPU 2244] WARNING: pipe error: 109: file c:/builds/moz2_slave/m-rel-w64-00000000000000000000/build/src/ipc/chromium/src/chrome/common/ipc_channel_win.cc, line 346
1505859278406	Marionette	INFO	Listening on port 59405
1505859278410	Marionette	INFO	Listening on port 59405
1505859278755	Marionette	WARN	TLS certificate errors will be ignored for this session
1505859278780	Marionette	DEBUG	loaded listener.js
1505859278796	Marionette	DEBUG	Received DOM event "beforeunload" for "about:blank"
1505859279130	addons.productaddons	ERROR	Request failed certificate checks: [Exception... "Certificate checks failed. See previous errors for details."  nsresult: "0x80070057 (NS_ERROR_ILLEGAL_VALUE)"  location: "JS frame :: resource://gre/modules/CertUtils.jsm :: validateCert :: line 113"  data: no]
1505859279218	Marionette	DEBUG	Received DOM event "pagehide" for "about:blank"
1505859279219	Marionette	DEBUG	Received DOM event "unload" for "about:blank"
1505859279541	Marionette	DEBUG	Received DOM event "DOMContentLoaded" for "https://www.google.co.in/search?q=FlightGear&source=lnms&tbm=isch"
1505859279935	Marionette	DEBUG	Received observer notification "outer-window-destroyed" for "2147483656"
1505859279946	Marionette	DEBUG	Received DOM event "DOMContentLoaded" for "https://www.google.co.in/search?q=FlightGear&source=lnms&tbm=isch"
1505859279953	Marionette	DEBUG	Received DOM event "pageshow" for "https://www.google.co.in/search?q=FlightGear&source=lnms&tbm=isch"
1505859280537	Marionette	DEBUG	Received DOM event "pageshow" for "https://www.google.co.in/search?q=FlightGear&source=lnms&tbm=isch"
1505859283358	Marionette	DEBUG	Canceled page load listener because no navigation has been detected
[GPU 2244] WARNING: pipe error: 109: file c:/builds/moz2_slave/m-rel-w64-00000000000000000000/build/src/ipc/chromium/src/chrome/common/ipc_channel_win.cc, line 346
[GPU 2244] WARNING: pipe error: 109: file c:/builds/moz2_slave/m-rel-w64-00000000000000000000/build/src/ipc/chromium/src/chrome/common/ipc_channel_win.cc, line 346
Unable to read VR Path Registry from C:\Users\soldier\AppData\Local\openvr\openvrpaths.vrpath
[Child 4744] WARNING: pipe error: 109: file c:/builds/moz2_slave/m-rel-w64-00000000000000000000/build/src/ipc/chromium/src/chrome/common/ipc_channel_win.cc, line 346

###!!! [Child][MessageChannel::SendAndWait] Error: Channel error: cannot send/recv

Unable to read VR Path Registry from C:\Users\soldier\AppData\Local\openvr\openvrpaths.vrpath
source://gre/modules/addons/XPIProvider.jsm:1631 < checkForChanges()@resource://gre/modules/addons/XPIProvider.jsm:3152 < startup()@resource://gre/modules/addons/XPIProvider.jsm:2246 < callProvider()@resource://gre/modules/AddonManager.jsm:271 < _startProvider()@resource://gre/modules/AddonManager.jsm:741 < startup()@resource://gre/modules/AddonManager.jsm:908 < startup()@resource://gre/modules/AddonManager.jsm:3122 < observe()@jar:file:///C:/Program%20Files/Mozilla%20Firefox/omni.ja!/components/addonManager.js:65
1505859315407	Marionette	INFO	Enabled via --marionette
Unable to read VR Path Registry from C:\Users\soldier\AppData\Local\openvr\openvrpaths.vrpath
[GPU 8420] WARNING: pipe error: 109: file c:/builds/moz2_slave/m-rel-w64-00000000000000000000/build/src/ipc/chromium/src/chrome/common/ipc_channel_win.cc, line 346
1505859316967	Marionette	INFO	Listening on port 59458
1505859316970	Marionette	INFO	Listening on port 59458
1505859317574	addons.productaddons	ERROR	Request failed certificate checks: [Exception... "Certificate checks failed. See previous errors for details."  nsresult: "0x80070057 (NS_ERROR_ILLEGAL_VALUE)"  location: "JS frame :: resource://gre/modules/CertUtils.jsm :: validateCert :: line 113"  data: no]
1505859317886	Marionette	WARN	TLS certificate errors will be ignored for this session
1505859317910	Marionette	DEBUG	loaded listener.js
1505859317921	Marionette	DEBUG	Received DOM event "beforeunload" for "about:blank"
1505859318221	Marionette	DEBUG	Received DOM event "pagehide" for "about:blank"
1505859318221	Marionette	DEBUG	Received DOM event "unload" for "about:blank"
1505859318517	Marionette	DEBUG	Received DOM event "DOMContentLoaded" for "https://www.google.co.in/search?q=FlightGear&source=lnms&tbm=isch"
1505859318821	Marionette	DEBUG	Received observer notification "outer-window-destroyed" for "2147483656"
1505859318824	Marionette	DEBUG	Received DOM event "DOMContentLoaded" for "https://www.google.co.in/search?q=FlightGear&source=lnms&tbm=isch"
1505859318826	Marionette	DEBUG	Received DOM event "pageshow" for "https://www.google.co.in/search?q=FlightGear&source=lnms&tbm=isch"
1505859319464	Marionette	DEBUG	Received DOM event "pageshow" for "https://www.google.co.in/search?q=FlightGear&source=lnms&tbm=isch"
1505859322382	Marionette	DEBUG	Canceled page load listener because no navigation has been detected
1505859330515	Marionette	INFO	New connections will no longer be accepted
1505859436789	geckodriver	INFO	geckodriver 0.19.0
1505859436795	geckodriver	INFO	Listening on 127.0.0.1:60312
1505859438827	mozrunner::runner	INFO	Running command: "C:\\Program Files\\Mozilla Firefox\\firefox.exe" "-marionette" "-profile" "C:\\Users\\soldier\\AppData\\Local\\Temp\\rust_mozprofile.ZLkaozm6PzFi"
1505859439161	addons.xpi	WARN	Error parsing extensions state: [Exception... "Component returned failure code: 0x80520012 (NS_ERROR_FILE_NOT_FOUND) [amIAddonManagerStartup.readStartupData]"  nsresult: "0x80520012 (NS_ERROR_FILE_NOT_FOUND)"  location: "JS frame :: resource://gre/modules/addons/XPIProvider.jsm :: loadExtensionState :: line 1596"  data: no] Stack trace: loadExtensionState()@resource://gre/modules/addons/XPIProvider.jsm:1596 < getInstallState()@resource://gre/modules/addons/XPIProvider.jsm:1631 < checkForChanges()@resource://gre/modules/addons/XPIProvider.jsm:3152 < startup()@resource://gre/modules/addons/XPIProvider.jsm:2246 < callProvider()@resource://gre/modules/AddonManager.jsm:271 < _startProvider()@resource://gre/modules/AddonManager.jsm:741 < startup()@resource://gre/modules/AddonManager.jsm:908 < startup()@resource://gre/modules/AddonManager.jsm:3122 < observe()@jar:file:///C:/Program%20Files/Mozilla%20Firefox/omni.ja!/components/addonManager.js:65
1505859439461	Marionette	INFO	Enabled via --marionette
Unable to read VR Path Registry from C:\Users\soldier\AppData\Local\openvr\openvrpaths.vrpath
[GPU 9528] WARNING: pipe error: 109: file c:/builds/moz2_slave/m-rel-w64-00000000000000000000/build/src/ipc/chromium/src/chrome/common/ipc_channel_win.cc, line 346
Unable to read VR Path Registry from C:\Users\soldier\AppData\Local\openvr\openvrpaths.vrpath
[Child 9912] WARNING: pipe error: 109: file c:/builds/moz2_slave/m-rel-w64-00000000000000000000/build/src/ipc/chromium/src/chrome/common/ipc_channel_win.cc, line 346
[Child 9912] WARNING: pipe error: 109: file c:/builds/moz2_slave/m-rel-w64-00000000000000000000/build/src/ipc/chromium/src/chrome/common/ipc_channel_win.cc, line 346
1505859440513	Marionette	INFO	Listening on port 60318
1505859440525	Marionette	INFO	Listening on port 60318
1505859440842	Marionette	WARN	TLS certificate errors will be ignored for this session
1505859440868	Marionette	DEBUG	loaded listener.js
1505859440883	Marionette	DEBUG	Received DOM event "beforeunload" for "about:blank"
1505859441180	Marionette	DEBUG	Received DOM event "pagehide" for "about:blank"
1505859441181	Marionette	DEBUG	Received DOM event "unload" for "about:blank"
1505859441296	addons.productaddons	ERROR	Request failed certificate checks: [Exception... "Certificate checks failed. See previous errors for details."  nsresult: "0x80070057 (NS_ERROR_ILLEGAL_VALUE)"  location: "JS frame :: resource://gre/modules/CertUtils.jsm :: validateCert :: line 113"  data: no]
1505859441486	Marionette	DEBUG	Received DOM event "DOMContentLoaded" for "https://www.google.co.in/search?q=FlightGear&source=lnms&tbm=isch"
1505859441885	Marionette	DEBUG	Received observer notification "outer-window-destroyed" for "4294967301"
1505859441889	Marionette	DEBUG	Received DOM event "DOMContentLoaded" for "https://www.google.co.in/search?q=FlightGear&source=lnms&tbm=isch"
1505859441892	Marionette	DEBUG	Received DOM event "pageshow" for "https://www.google.co.in/search?q=FlightGear&source=lnms&tbm=isch"
1505859442034	Marionette	DEBUG	Received DOM event "pageshow" for "https://www.google.co.in/search?q=FlightGear&source=lnms&tbm=isch"
1505859444972	Marionette	DEBUG	Canceled page load listener because no navigation has been detected
1505859453807	Marionette	INFO	New connections will no longer be accepted
1505859489617	geckodriver	INFO	geckodriver 0.19.0
1505859489623	geckodriver	INFO	Listening on 127.0.0.1:60409
1505859491661	mozrunner::runner	INFO	Running command: "C:\\Program Files\\Mozilla Firefox\\firefox.exe" "-marionette" "-profile" "C:\\Users\\soldier\\AppData\\Local\\Temp\\rust_mozprofile.hQPTnh209kr4"
1505859491841	addons.xpi	WARN	Error parsing extensions state: [Exception... "Component returned failure code: 0x80520012 (NS_ERROR_FILE_NOT_FOUND) [amIAddonManagerStartup.readStartupData]"  nsresult: "0x80520012 (NS_ERROR_FILE_NOT_FOUND)"  location: "JS frame :: resource://gre/modules/addons/XPIProvider.jsm :: loadExtensionState :: line 1596"  data: no] Stack trace: loadExtensionState()@resource://gre/modules/addons/XPIProvider.jsm:1596 < getInstallState()@resource://gre/modules/addons/XPIProvider.jsm:1631 < checkForChanges()@resource://gre/modules/addons/XPIProvider.jsm:3152 < startup()@resource://gre/modules/addons/XPIProvider.jsm:2246 < callProvider()@resource://gre/modules/AddonManager.jsm:271 < _startProvider()@resource://gre/modules/AddonManager.jsm:741 < startup()@resource://gre/modules/AddonManager.jsm:908 < startup()@resource://gre/modules/AddonManager.jsm:3122 < observe()@jar:file:///C:/Program%20Files/Mozilla%20Firefox/omni.ja!/components/addonManager.js:65
1505859492139	Marionette	INFO	Enabled via --marionette
Unable to read VR Path Registry from C:\Users\soldier\AppData\Local\openvr\openvrpaths.vrpath
[GPU 8696] WARNING: pipe error: 109: file c:/builds/moz2_slave/m-rel-w64-00000000000000000000/build/src/ipc/chromium/src/chrome/common/ipc_channel_win.cc, line 346
Unable to read VR Path Registry from C:\Users\soldier\AppData\Local\openvr\openvrpaths.vrpath
[Child 16892] WARNING: pipe error: 109: file c:/builds/moz2_slave/m-rel-w64-00000000000000000000/build/src/ipc/chromium/src/chrome/common/ipc_channel_win.cc, line 346
[Child 16892] WARNING: pipe error: 109: file c:/builds/moz2_slave/m-rel-w64-00000000000000000000/build/src/ipc/chromium/src/chrome/common/ipc_channel_win.cc, line 346
1505859493191	Marionette	INFO	Listening on port 60415
1505859493215	Marionette	INFO	Listening on port 60415
1505859493673	Marionette	WARN	TLS certificate errors will be ignored for this session
1505859493698	Marionette	DEBUG	loaded listener.js
1505859493714	Marionette	DEBUG	Received DOM event "beforeunload" for "about:blank"
1505859493910	addons.productaddons	ERROR	Request failed certificate checks: [Exception... "Certificate checks failed. See previous errors for details."  nsresult: "0x80070057 (NS_ERROR_ILLEGAL_VALUE)"  location: "JS frame :: resource://gre/modules/CertUtils.jsm :: validateCert :: line 113"  data: no]
1505859494017	Marionette	DEBUG	Received DOM event "pagehide" for "about:blank"
1505859494017	Marionette	DEBUG	Received DOM event "unload" for "about:blank"
1505859494281	Marionette	DEBUG	Received DOM event "DOMContentLoaded" for "https://www.google.co.in/search?q=FlightGear&source=lnms&tbm=isch"
1505859494571	Marionette	DEBUG	Received observer notification "outer-window-destroyed" for "4294967301"
1505859494573	Marionette	DEBUG	Received DOM event "DOMContentLoaded" for "https://www.google.co.in/search?q=FlightGear&source=lnms&tbm=isch"
1505859494575	Marionette	DEBUG	Received DOM event "pageshow" for "https://www.google.co.in/search?q=FlightGear&source=lnms&tbm=isch"
1505859494832	Marionette	DEBUG	Received DOM event "pageshow" for "https://www.google.co.in/search?q=FlightGear&source=lnms&tbm=isch"
1505859497837	Marionette	DEBUG	Canceled page load listener because no navigation has been detected
[GPU 8696] WARNING: pipe error: 109: file c:/builds/moz2_slave/m-rel-w64-00000000000000000000/build/src/ipc/chromium/src/chrome/common/ipc_channel_win.cc, line 346
[GPU 8696] WARNING: pipe error: 109: file c:/builds/moz2_slave/m-rel-w64-00000000000000000000/build/src/ipc/chromium/src/chrome/common/ipc_channel_win.cc, line 346
[GPU 8696] WARNING: pipe error: 109: file c:/builds/moz2_slave/m-rel-w64-00000000000000000000/build/src/ipc/chromium/src/chrome/common/ipc_channel_win.cc, line 346
[GPU 8696] WARNING: pipe error: 109: file c:/builds/moz2_slave/m-rel-w64-00000000000000000000/build/src/ipc/chromium/src/chrome/common/ipc_channel_win.cc, line 346
[GPU 8696] WARNING: pipe error: 109: file c:/builds/moz2_slave/m-rel-w64-00000000000000000000/build/src/ipc/chromium/src/chrome/common/ipc_channel_win.cc, line 346
[GPU 8696] WARNING: pipe error: 109: file c:/builds/moz2_slave/m-rel-w64-00000000000000000000/build/src/ipc/chromium/src/chrome/common/ipc_channel_win.cc, line 346
[GPU 8696] WARNING: pipe error: 109: file c:/builds/moz2_slave/m-rel-w64-00000000000000000000/build/src/ipc/chromium/src/chrome/common/ipc_channel_win.cc, line 346
Unable to read VR Path Registry from C:\Users\soldier\AppData\Local\openvr\openvrpaths.vrpath
[Parent 8784] WARNING: pipe error: 109: file c:/builds/moz2_slave/m-rel-w64-00000000000000000000/build/src/ipc/chromium/src/chrome/common/ipc_channel_win.cc, line 346
Unable to read VR Path Registry from C:\Users\soldier\AppData\Local\openvr\openvrpaths.vrpath
[Child 4284] WARNING: pipe error: 109: file c:/builds/moz2_slave/m-rel-w64-00000000000000000000/build/src/ipc/chromium/src/chrome/common/ipc_channel_win.cc, line 346
[GPU 8696] WARNING: pipe error: 109: file c:/builds/moz2_slave/m-rel-w64-00000000000000000000/build/src/ipc/chromium/src/chrome/common/ipc_channel_win.cc, line 346

###!!! [Child][MessageChannel::SendAndWait] Error: Channel error: cannot send/recv

/modules/AddonManager.jsm:908 < startup()@resource://gre/modules/AddonManager.jsm:3122 < observe()@jar:file:///C:/Program%20Files/Mozilla%20Firefox/omni.ja!/components/addonManager.js:65
1505859690019	Marionette	INFO	Enabled via --marionette
Unable to read VR Path Registry from C:\Users\soldier\AppData\Local\openvr\openvrpaths.vrpath
[GPU 15196] WARNING: pipe error: 109: file c:/builds/moz2_slave/m-rel-w64-00000000000000000000/build/src/ipc/chromium/src/chrome/common/ipc_channel_win.cc, line 346
1505859691025	Marionette	INFO	Listening on port 60503
1505859691030	Marionette	INFO	Listening on port 60503
1505859691042	Marionette	WARN	TLS certificate errors will be ignored for this session
1505859691067	Marionette	DEBUG	loaded listener.js
1505859691083	Marionette	DEBUG	Received DOM event "beforeunload" for "about:blank"
1505859691497	Marionette	DEBUG	Received DOM event "pagehide" for "about:blank"
1505859691497	Marionette	DEBUG	Received DOM event "unload" for "about:blank"
1505859691754	addons.productaddons	ERROR	Request failed certificate checks: [Exception... "Certificate checks failed. See previous errors for details."  nsresult: "0x80070057 (NS_ERROR_ILLEGAL_VALUE)"  location: "JS frame :: resource://gre/modules/CertUtils.jsm :: validateCert :: line 113"  data: no]
1505859691869	Marionette	DEBUG	Received DOM event "DOMContentLoaded" for "https://www.google.co.in/search?q=FlightGear&source=lnms&tbm=isch"
1505859692255	Marionette	DEBUG	Received observer notification "outer-window-destroyed" for "2147483656"
1505859692276	Marionette	DEBUG	Received DOM event "DOMContentLoaded" for "https://www.google.co.in/search?q=FlightGear&source=lnms&tbm=isch"
1505859692283	Marionette	DEBUG	Received DOM event "pageshow" for "https://www.google.co.in/search?q=FlightGear&source=lnms&tbm=isch"
1505859692418	Marionette	DEBUG	Received DOM event "pageshow" for "https://www.google.co.in/search?q=FlightGear&source=lnms&tbm=isch"
1505859697391	Marionette	DEBUG	Canceled page load listener because no navigation has been detected
[GPU 15196] WARNING: pipe error: 109: file c:/builds/moz2_slave/m-rel-w64-00000000000000000000/build/src/ipc/chromium/src/chrome/common/ipc_channel_win.cc, line 346
[GPU 15196] WARNING: pipe error: 109: file c:/builds/moz2_slave/m-rel-w64-00000000000000000000/build/src/ipc/chromium/src/chrome/common/ipc_channel_win.cc, line 346
Unable to read VR Path Registry from C:\Users\soldier\AppData\Local\openvr\openvrpaths.vrpath
[Child 9892] WARNING: pipe error: 109: file c:/builds/moz2_slave/m-rel-w64-00000000000000000000/build/src/ipc/chromium/src/chrome/common/ipc_channel_win.cc, line 346

###!!! [Child][MessageChannel::SendAndWait] Error: Channel error: cannot send/recv

Unable to read VR Path Registry from C:\Users\soldier\AppData\Local\openvr\openvrpaths.vrpath
1505859726576	geckodriver	INFO	geckodriver 0.19.0
1505859726582	geckodriver	INFO	Listening on 127.0.0.1:60559
1505859728620	mozrunner::runner	INFO	Running command: "C:\\Program Files\\Mozilla Firefox\\firefox.exe" "-marionette" "-profile" "C:\\Users\\soldier\\AppData\\Local\\Temp\\rust_mozprofile.vNJJkeYgiXCV"
1505859728814	addons.xpi	WARN	Error parsing extensions state: [Exception... "Component returned failure code: 0x80520012 (NS_ERROR_FILE_NOT_FOUND) [amIAddonManagerStartup.readStartupData]"  nsresult: "0x80520012 (NS_ERROR_FILE_NOT_FOUND)"  location: "JS frame :: resource://gre/modules/addons/XPIProvider.jsm :: loadExtensionState :: line 1596"  data: no] Stack trace: loadExtensionState()@resource://gre/modules/addons/XPIProvider.jsm:1596 < getInstallState()@resource://gre/modules/addons/XPIProvider.jsm:1631 < checkForChanges()@resource://gre/modules/addons/XPIProvider.jsm:3152 < startup()@resource://gre/modules/addons/XPIProvider.jsm:2246 < callProvider()@resource://gre/modules/AddonManager.jsm:271 < _startProvider()@resource://gre/modules/AddonManager.jsm:741 < startup()@resource://gre/modules/AddonManager.jsm:908 < startup()@resource://gre/modules/AddonManager.jsm:3122 < observe()@jar:file:///C:/Program%20Files/Mozilla%20Firefox/omni.ja!/components/addonManager.js:65
1505859729111	Marionette	INFO	Enabled via --marionette
Unable to read VR Path Registry from C:\Users\soldier\AppData\Local\openvr\openvrpaths.vrpath
JavaScript error: resource:///modules/ExtensionsUI.jsm, line 50: TypeError: RecentWindow.getMostRecentBrowserWindow(...) is null
1505859730232	Marionette	INFO	Listening on port 60565
1505859730238	Marionette	INFO	Listening on port 60565
1505859730634	Marionette	WARN	TLS certificate errors will be ignored for this session
1505859730658	Marionette	DEBUG	loaded listener.js
1505859730670	Marionette	DEBUG	Received DOM event "beforeunload" for "about:blank"
1505859730964	addons.productaddons	ERROR	Request failed certificate checks: [Exception... "Certificate checks failed. See previous errors for details."  nsresult: "0x80070057 (NS_ERROR_ILLEGAL_VALUE)"  location: "JS frame :: resource://gre/modules/CertUtils.jsm :: validateCert :: line 113"  data: no]
1505859730981	Marionette	DEBUG	Received DOM event "pagehide" for "about:blank"
1505859730981	Marionette	DEBUG	Received DOM event "unload" for "about:blank"
1505859731244	Marionette	DEBUG	Received DOM event "DOMContentLoaded" for "https://www.google.co.in/search?q=FlightGear&source=lnms&tbm=isch"
1505859731539	Marionette	DEBUG	Received observer notification "outer-window-destroyed" for "2147483656"
1505859731543	Marionette	DEBUG	Received DOM event "DOMContentLoaded" for "https://www.google.co.in/search?q=FlightGear&source=lnms&tbm=isch"
1505859731549	Marionette	DEBUG	Received DOM event "pageshow" for "https://www.google.co.in/search?q=FlightGear&source=lnms&tbm=isch"
1505859731764	Marionette	DEBUG	Received DOM event "pageshow" for "https://www.google.co.in/search?q=FlightGear&source=lnms&tbm=isch"
1505859736759	Marionette	DEBUG	Canceled page load listener because no navigation has been detected
Unable to read VR Path Registry from C:\Users\soldier\AppData\Local\openvr\openvrpaths.vrpath
[GPU 17268] WARNING: pipe error: 109: file c:/builds/moz2_slave/m-rel-w64-00000000000000000000/build/src/ipc/chromium/src/chrome/common/ipc_channel_win.cc, line 346
[Parent 14632] WARNING: pipe error: 109: file c:/builds/moz2_slave/m-rel-w64-00000000000000000000/build/src/ipc/chromium/src/chrome/common/ipc_channel_win.cc, line 346
Unable to read VR Path Registry from C:\Users\soldier\AppData\Local\openvr\openvrpaths.vrpath
[Child 5664] WARNING: pipe error: 109: file c:/builds/moz2_slave/m-rel-w64-00000000000000000000/build/src/ipc/chromium/src/chrome/common/ipc_channel_win.cc, line 346

###!!! [Child][MessageChannel::SendAndWait] Error: Channel error: cannot send/recv

e://gre/modules/addons/XPIProvider.jsm:1631 < checkForChanges()@resource://gre/modules/addons/XPIProvider.jsm:3152 < startup()@resource://gre/modules/addons/XPIProvider.jsm:2246 < callProvider()@resource://gre/modules/AddonManager.jsm:271 < _startProvider()@resource://gre/modules/AddonManager.jsm:741 < startup()@resource://gre/modules/AddonManager.jsm:908 < startup()@resource://gre/modules/AddonManager.jsm:3122 < observe()@jar:file:///C:/Program%20Files/Mozilla%20Firefox/omni.ja!/components/addonManager.js:65
1505859888819	Marionette	INFO	Enabled via --marionette
Unable to read VR Path Registry from C:\Users\soldier\AppData\Local\openvr\openvrpaths.vrpath
[GPU 4664] WARNING: pipe error: 109: file c:/builds/moz2_slave/m-rel-w64-00000000000000000000/build/src/ipc/chromium/src/chrome/common/ipc_channel_win.cc, line 346
1505859889851	Marionette	INFO	Listening on port 60650
1505859889862	Marionette	INFO	Listening on port 60650
1505859890345	Marionette	WARN	TLS certificate errors will be ignored for this session
1505859890368	Marionette	DEBUG	loaded listener.js
1505859890379	Marionette	DEBUG	Received DOM event "beforeunload" for "about:blank"
1505859890583	addons.productaddons	ERROR	Request failed certificate checks: [Exception... "Certificate checks failed. See previous errors for details."  nsresult: "0x80070057 (NS_ERROR_ILLEGAL_VALUE)"  location: "JS frame :: resource://gre/modules/CertUtils.jsm :: validateCert :: line 113"  data: no]
1505859890693	Marionette	DEBUG	Received DOM event "pagehide" for "about:blank"
1505859890693	Marionette	DEBUG	Received DOM event "unload" for "about:blank"
1505859891000	Marionette	DEBUG	Received DOM event "DOMContentLoaded" for "https://www.google.co.in/search?q=FlightGear&source=lnms&tbm=isch"
1505859891330	Marionette	DEBUG	Received observer notification "outer-window-destroyed" for "2147483656"
1505859891443	Marionette	DEBUG	Received DOM event "DOMContentLoaded" for "https://www.google.co.in/search?q=FlightGear&source=lnms&tbm=isch"
1505859891461	Marionette	DEBUG	Received DOM event "pageshow" for "https://www.google.co.in/search?q=FlightGear&source=lnms&tbm=isch"
1505859891601	Marionette	DEBUG	Received DOM event "pageshow" for "https://www.google.co.in/search?q=FlightGear&source=lnms&tbm=isch"
1505859896461	Marionette	DEBUG	Canceled page load listener because no navigation has been detected
[GPU 4664] WARNING: pipe error: 109: file c:/builds/moz2_slave/m-rel-w64-00000000000000000000/build/src/ipc/chromium/src/chrome/common/ipc_channel_win.cc, line 346
[GPU 4664] WARNING: pipe error: 109: file c:/builds/moz2_slave/m-rel-w64-00000000000000000000/build/src/ipc/chromium/src/chrome/common/ipc_channel_win.cc, line 346
Unable to read VR Path Registry from C:\Users\soldier\AppData\Local\openvr\openvrpaths.vrpath
[Parent 13260] WARNING: pipe error: 109: file c:/builds/moz2_slave/m-rel-w64-00000000000000000000/build/src/ipc/chromium/src/chrome/common/ipc_channel_win.cc, line 346
Unable to read VR Path Registry from C:\Users\soldier\AppData\Local\openvr\openvrpaths.vrpath
[Child 296] WARNING: pipe error: 109: file c:/builds/moz2_slave/m-rel-w64-00000000000000000000/build/src/ipc/chromium/src/chrome/common/ipc_channel_win.cc, line 346

###!!! [Child][MessageChannel::SendAndWait] Error: Channel error: cannot send/recv

vider.jsm:2246 < callProvider()@resource://gre/modules/AddonManager.jsm:271 < _startProvider()@resource://gre/modules/AddonManager.jsm:741 < startup()@resource://gre/modules/AddonManager.jsm:908 < startup()@resource://gre/modules/AddonManager.jsm:3122 < observe()@jar:file:///C:/Program%20Files/Mozilla%20Firefox/omni.ja!/components/addonManager.js:65
1505859928750	Marionette	INFO	Enabled via --marionette
Unable to read VR Path Registry from C:\Users\soldier\AppData\Local\openvr\openvrpaths.vrpath
JavaScript error: resource:///modules/ExtensionsUI.jsm, line 50: TypeError: RecentWindow.getMostRecentBrowserWindow(...) is null
1505859929741	Marionette	INFO	Listening on port 60704
1505859929746	Marionette	INFO	Listening on port 60704
1505859930111	Marionette	WARN	TLS certificate errors will be ignored for this session
1505859930135	Marionette	DEBUG	loaded listener.js
1505859930147	Marionette	DEBUG	Received DOM event "beforeunload" for "about:blank"
1505859930448	Marionette	DEBUG	Received DOM event "pagehide" for "about:blank"
1505859930448	Marionette	DEBUG	Received DOM event "unload" for "about:blank"
1505859930470	addons.productaddons	ERROR	Request failed certificate checks: [Exception... "Certificate checks failed. See previous errors for details."  nsresult: "0x80070057 (NS_ERROR_ILLEGAL_VALUE)"  location: "JS frame :: resource://gre/modules/CertUtils.jsm :: validateCert :: line 113"  data: no]
1505859931156	Marionette	DEBUG	Received DOM event "DOMContentLoaded" for "https://www.google.co.in/search?q=FlightGear&source=lnms&tbm=isch"
1505859931585	Marionette	DEBUG	Received observer notification "outer-window-destroyed" for "2147483656"
1505859931618	Marionette	DEBUG	Received DOM event "DOMContentLoaded" for "https://www.google.co.in/search?q=FlightGear&source=lnms&tbm=isch"
1505859931619	Marionette	DEBUG	Received DOM event "pageshow" for "https://www.google.co.in/search?q=FlightGear&source=lnms&tbm=isch"
1505859931839	Marionette	DEBUG	Received DOM event "pageshow" for "https://www.google.co.in/search?q=FlightGear&source=lnms&tbm=isch"
1505859936685	Marionette	DEBUG	Canceled page load listener because no navigation has been detected
Unable to read VR Path Registry from C:\Users\soldier\AppData\Local\openvr\openvrpaths.vrpath
[GPU 1772] WARNING: pipe error: 109: file c:/builds/moz2_slave/m-rel-w64-00000000000000000000/build/src/ipc/chromium/src/chrome/common/ipc_channel_win.cc, line 346
Unable to read VR Path Registry from C:\Users\soldier\AppData\Local\openvr\openvrpaths.vrpath
[Child 4592] WARNING: pipe error: 109: file c:/builds/moz2_slave/m-rel-w64-00000000000000000000/build/src/ipc/chromium/src/chrome/common/ipc_channel_win.cc, line 346
[Child 4592] WARNING: pipe error: 109: file c:/builds/moz2_slave/m-rel-w64-00000000000000000000/build/src/ipc/chromium/src/chrome/common/ipc_channel_win.cc, line 346

###!!! [Child][MessageChannel::SendAndWait] Error: Channel error: cannot send/recv

1505859968773	geckodriver::marionette	ERROR	Failed to kill browser process
1505859978863	geckodriver	INFO	geckodriver 0.19.0
1505859978868	geckodriver	INFO	Listening on 127.0.0.1:60755
1505859980905	mozrunner::runner	INFO	Running command: "C:\\Program Files\\Mozilla Firefox\\firefox.exe" "-marionette" "-profile" "C:\\Users\\soldier\\AppData\\Local\\Temp\\rust_mozprofile.mIyns9jl0De4"
1505859981226	addons.xpi	WARN	Error parsing extensions state: [Exception... "Component returned failure code: 0x80520012 (NS_ERROR_FILE_NOT_FOUND) [amIAddonManagerStartup.readStartupData]"  nsresult: "0x80520012 (NS_ERROR_FILE_NOT_FOUND)"  location: "JS frame :: resource://gre/modules/addons/XPIProvider.jsm :: loadExtensionState :: line 1596"  data: no] Stack trace: loadExtensionState()@resource://gre/modules/addons/XPIProvider.jsm:1596 < getInstallState()@resource://gre/modules/addons/XPIProvider.jsm:1631 < checkForChanges()@resource://gre/modules/addons/XPIProvider.jsm:3152 < startup()@resource://gre/modules/addons/XPIProvider.jsm:2246 < callProvider()@resource://gre/modules/AddonManager.jsm:271 < _startProvider()@resource://gre/modules/AddonManager.jsm:741 < startup()@resource://gre/modules/AddonManager.jsm:908 < startup()@resource://gre/modules/AddonManager.jsm:3122 < observe()@jar:file:///C:/Program%20Files/Mozilla%20Firefox/omni.ja!/components/addonManager.js:65
1505859981524	Marionette	INFO	Enabled via --marionette
Unable to read VR Path Registry from C:\Users\soldier\AppData\Local\openvr\openvrpaths.vrpath
[GPU 13496] WARNING: pipe error: 109: file c:/builds/moz2_slave/m-rel-w64-00000000000000000000/build/src/ipc/chromium/src/chrome/common/ipc_channel_win.cc, line 346
1505859982536	Marionette	INFO	Listening on port 60761
1505859982540	Marionette	INFO	Listening on port 60761
1505859982928	Marionette	WARN	TLS certificate errors will be ignored for this session
1505859982952	Marionette	DEBUG	loaded listener.js
1505859982968	Marionette	DEBUG	Received DOM event "beforeunload" for "about:blank"
1505859983255	addons.productaddons	ERROR	Request failed certificate checks: [Exception... "Certificate checks failed. See previous errors for details."  nsresult: "0x80070057 (NS_ERROR_ILLEGAL_VALUE)"  location: "JS frame :: resource://gre/modules/CertUtils.jsm :: validateCert :: line 113"  data: no]
1505859983268	Marionette	DEBUG	Received DOM event "pagehide" for "about:blank"
1505859983268	Marionette	DEBUG	Received DOM event "unload" for "about:blank"
1505859983571	Marionette	DEBUG	Received DOM event "DOMContentLoaded" for "https://www.google.co.in/search?q=FlightGear&source=lnms&tbm=isch"
1505859983962	Marionette	DEBUG	Received observer notification "outer-window-destroyed" for "2147483656"
1505859983970	Marionette	DEBUG	Received DOM event "DOMContentLoaded" for "https://www.google.co.in/search?q=FlightGear&source=lnms&tbm=isch"
1505859983978	Marionette	DEBUG	Received DOM event "pageshow" for "https://www.google.co.in/search?q=FlightGear&source=lnms&tbm=isch"
1505859984136	Marionette	DEBUG	Received DOM event "pageshow" for "https://www.google.co.in/search?q=FlightGear&source=lnms&tbm=isch"
1505859989220	Marionette	DEBUG	Canceled page load listener because no navigation has been detected
[GPU 13496] WARNING: pipe error: 109: file c:/builds/moz2_slave/m-rel-w64-00000000000000000000/build/src/ipc/chromium/src/chrome/common/ipc_channel_win.cc, line 346
[GPU 13496] WARNING: pipe error: 109: file c:/builds/moz2_slave/m-rel-w64-00000000000000000000/build/src/ipc/chromium/src/chrome/common/ipc_channel_win.cc, line 346
Unable to read VR Path Registry from C:\Users\soldier\AppData\Local\openvr\openvrpaths.vrpath
[Child 13228] WARNING: pipe error: 109: file c:/builds/moz2_slave/m-rel-w64-00000000000000000000/build/src/ipc/chromium/src/chrome/common/ipc_channel_win.cc, line 346
[Child 13228] WARNING: pipe error: 109: file c:/builds/moz2_slave/m-rel-w64-00000000000000000000/build/src/ipc/chromium/src/chrome/common/ipc_channel_win.cc, line 346

###!!! [Child][MessageChannel::SendAndWait] Error: Channel error: cannot send/recv

Unable to read VR Path Registry from C:\Users\soldier\AppData\Local\openvr\openvrpaths.vrpath
1505860272281	geckodriver	INFO	geckodriver 0.19.0
1505860272314	geckodriver	INFO	Listening on 127.0.0.1:61227
1505860274339	mozrunner::runner	INFO	Running command: "C:\\Program Files\\Mozilla Firefox\\firefox.exe" "-marionette" "-profile" "C:\\Users\\soldier\\AppData\\Local\\Temp\\rust_mozprofile.Pnk3CY9FacNA"
1505860274528	addons.xpi	WARN	Error parsing extensions state: [Exception... "Component returned failure code: 0x80520012 (NS_ERROR_FILE_NOT_FOUND) [amIAddonManagerStartup.readStartupData]"  nsresult: "0x80520012 (NS_ERROR_FILE_NOT_FOUND)"  location: "JS frame :: resource://gre/modules/addons/XPIProvider.jsm :: loadExtensionState :: line 1596"  data: no] Stack trace: loadExtensionState()@resource://gre/modules/addons/XPIProvider.jsm:1596 < getInstallState()@resource://gre/modules/addons/XPIProvider.jsm:1631 < checkForChanges()@resource://gre/modules/addons/XPIProvider.jsm:3152 < startup()@resource://gre/modules/addons/XPIProvider.jsm:2246 < callProvider()@resource://gre/modules/AddonManager.jsm:271 < _startProvider()@resource://gre/modules/AddonManager.jsm:741 < startup()@resource://gre/modules/AddonManager.jsm:908 < startup()@resource://gre/modules/AddonManager.jsm:3122 < observe()@jar:file:///C:/Program%20Files/Mozilla%20Firefox/omni.ja!/components/addonManager.js:65
1505860274832	Marionette	INFO	Enabled via --marionette
Unable to read VR Path Registry from C:\Users\soldier\AppData\Local\openvr\openvrpaths.vrpath
[GPU 11384] WARNING: pipe error: 109: file c:/builds/moz2_slave/m-rel-w64-00000000000000000000/build/src/ipc/chromium/src/chrome/common/ipc_channel_win.cc, line 346
Unable to read VR Path Registry from C:\Users\soldier\AppData\Local\openvr\openvrpaths.vrpath
[Parent 1588] WARNING: pipe error: 109: file c:/builds/moz2_slave/m-rel-w64-00000000000000000000/build/src/ipc/chromium/src/chrome/common/ipc_channel_win.cc, line 346
Unable to read VR Path Registry from C:\Users\soldier\AppData\Local\openvr\openvrpaths.vrpath
[Child 7528] WARNING: pipe error: 109: file c:/builds/moz2_slave/m-rel-w64-00000000000000000000/build/src/ipc/chromium/src/chrome/common/ipc_channel_win.cc, line 346
[Child 7528] WARNING: pipe error: 109: file c:/builds/moz2_slave/m-rel-w64-00000000000000000000/build/src/ipc/chromium/src/chrome/common/ipc_channel_win.cc, line 346
1505860275857	Marionette	INFO	Listening on port 61234
1505860275872	Marionette	INFO	Listening on port 61234
1505860276354	Marionette	WARN	TLS certificate errors will be ignored for this session
1505860276378	Marionette	DEBUG	loaded listener.js
1505860276394	Marionette	DEBUG	Received DOM event "beforeunload" for "about:blank"
1505860276570	addons.productaddons	ERROR	Request failed certificate checks: [Exception... "Certificate checks failed. See previous errors for details."  nsresult: "0x80070057 (NS_ERROR_ILLEGAL_VALUE)"  location: "JS frame :: resource://gre/modules/CertUtils.jsm :: validateCert :: line 113"  data: no]
1505860276711	Marionette	DEBUG	Received DOM event "pagehide" for "about:blank"
1505860276711	Marionette	DEBUG	Received DOM event "unload" for "about:blank"
1505860277006	Marionette	DEBUG	Received DOM event "DOMContentLoaded" for "https://www.google.co.in/search?q=FlightGear&source=lnms&tbm=isch"
1505860277401	Marionette	DEBUG	Received observer notification "outer-window-destroyed" for "4294967301"
1505860277429	Marionette	DEBUG	Received DOM event "DOMContentLoaded" for "https://www.google.co.in/search?q=FlightGear&source=lnms&tbm=isch"
1505860277430	Marionette	DEBUG	Received DOM event "pageshow" for "https://www.google.co.in/search?q=FlightGear&source=lnms&tbm=isch"
1505860277585	Marionette	DEBUG	Received DOM event "pageshow" for "https://www.google.co.in/search?q=FlightGear&source=lnms&tbm=isch"
1505860282514	Marionette	DEBUG	Canceled page load listener because no navigation has been detected
1505860292698	Marionette	INFO	New connections will no longer be accepted

###!!! [Child][MessageChannel] Error: (msgtype=0xFC0004,name=PVsync::Msg_Unobserve) Channel error: cannot send/recv

1505918380251	geckodriver	INFO	geckodriver 0.19.0
1505918381917	geckodriver	INFO	Listening on 127.0.0.1:61934
1505918385319	mozrunner::runner	INFO	Running command: "C:\\Program Files\\Mozilla Firefox\\firefox.exe" "-marionette" "-profile" "C:\\Users\\soldier\\AppData\\Local\\Temp\\rust_mozprofile.cL03th8VuNDs"
1505918385697	addons.xpi	WARN	Error parsing extensions state: [Exception... "Component returned failure code: 0x80520012 (NS_ERROR_FILE_NOT_FOUND) [amIAddonManagerStartup.readStartupData]"  nsresult: "0x80520012 (NS_ERROR_FILE_NOT_FOUND)"  location: "JS frame :: resource://gre/modules/addons/XPIProvider.jsm :: loadExtensionState :: line 1596"  data: no] Stack trace: loadExtensionState()@resource://gre/modules/addons/XPIProvider.jsm:1596 < getInstallState()@resource://gre/modules/addons/XPIProvider.jsm:1631 < checkForChanges()@resource://gre/modules/addons/XPIProvider.jsm:3152 < startup()@resource://gre/modules/addons/XPIProvider.jsm:2246 < callProvider()@resource://gre/modules/AddonManager.jsm:271 < _startProvider()@resource://gre/modules/AddonManager.jsm:741 < startup()@resource://gre/modules/AddonManager.jsm:908 < startup()@resource://gre/modules/AddonManager.jsm:3122 < observe()@jar:file:///C:/Program%20Files/Mozilla%20Firefox/omni.ja!/components/addonManager.js:65
1505918386023	Marionette	INFO	Enabled via --marionette
Unable to read VR Path Registry from C:\Users\soldier\AppData\Local\openvr\openvrpaths.vrpath
[GPU 13820] WARNING: pipe error: 109: file c:/builds/moz2_slave/m-rel-w64-00000000000000000000/build/src/ipc/chromium/src/chrome/common/ipc_channel_win.cc, line 346
1505918387652	Marionette	INFO	Listening on port 61944
1505918387656	Marionette	INFO	Listening on port 61944
1505918388425	addons.productaddons	ERROR	Request failed certificate checks: [Exception... "Certificate checks failed. See previous errors for details."  nsresult: "0x80070057 (NS_ERROR_ILLEGAL_VALUE)"  location: "JS frame :: resource://gre/modules/CertUtils.jsm :: validateCert :: line 113"  data: no]
1505918388435	Marionette	WARN	TLS certificate errors will be ignored for this session
1505918388459	Marionette	DEBUG	loaded listener.js
1505918388478	Marionette	DEBUG	Received DOM event "beforeunload" for "about:blank"
1505918388817	Marionette	DEBUG	Received DOM event "pagehide" for "about:blank"
1505918388817	Marionette	DEBUG	Received DOM event "unload" for "about:blank"
1505918389540	Marionette	DEBUG	Received DOM event "DOMContentLoaded" for "https://www.google.co.in/search?q=FlightGear&source=lnms&tbm=isch"
1505918389917	Marionette	DEBUG	Received observer notification "outer-window-destroyed" for "2147483656"
1505918389924	Marionette	DEBUG	Received DOM event "DOMContentLoaded" for "https://www.google.co.in/search?q=FlightGear&source=lnms&tbm=isch"
1505918389930	Marionette	DEBUG	Received DOM event "pageshow" for "https://www.google.co.in/search?q=FlightGear&source=lnms&tbm=isch"
1505918390319	Marionette	DEBUG	Received DOM event "pageshow" for "https://www.google.co.in/search?q=FlightGear&source=lnms&tbm=isch"
1505918395138	Marionette	DEBUG	Canceled page load listener because no navigation has been detected
1505918406586	Marionette	INFO	New connections will no longer be accepted
1505918406818	geckodriver	INFO	geckodriver 0.19.0
1505918406843	geckodriver	INFO	Listening on 127.0.0.1:62034
1505918408871	mozrunner::runner	INFO	Running command: "C:\\Program Files\\Mozilla Firefox\\firefox.exe" "-marionette" "-profile" "C:\\Users\\soldier\\AppData\\Local\\Temp\\rust_mozprofile.31TanStltHdN"
1505918409199	addons.xpi	WARN	Error parsing extensions state: [Exception... "Component returned failure code: 0x80520012 (NS_ERROR_FILE_NOT_FOUND) [amIAddonManagerStartup.readStartupData]"  nsresult: "0x80520012 (NS_ERROR_FILE_NOT_FOUND)"  location: "JS frame :: resource://gre/modules/addons/XPIProvider.jsm :: loadExtensionState :: line 1596"  data: no] Stack trace: loadExtensionState()@resource://gre/modules/addons/XPIProvider.jsm:1596 < getInstallState()@resource://gre/modules/addons/XPIProvider.jsm:1631 < checkForChanges()@resource://gre/modules/addons/XPIProvider.jsm:3152 < startup()@resource://gre/modules/addons/XPIProvider.jsm:2246 < callProvider()@resource://gre/modules/AddonManager.jsm:271 < _startProvider()@resource://gre/modules/AddonManager.jsm:741 < startup()@resource://gre/modules/AddonManager.jsm:908 < startup()@resource://gre/modules/AddonManager.jsm:3122 < observe()@jar:file:///C:/Program%20Files/Mozilla%20Firefox/omni.ja!/components/addonManager.js:65
1505918409501	Marionette	INFO	Enabled via --marionette
Unable to read VR Path Registry from C:\Users\soldier\AppData\Local\openvr\openvrpaths.vrpath
[GPU 6244] WARNING: pipe error: 109: file c:/builds/moz2_slave/m-rel-w64-00000000000000000000/build/src/ipc/chromium/src/chrome/common/ipc_channel_win.cc, line 346
Unable to read VR Path Registry from C:\Users\soldier\AppData\Local\openvr\openvrpaths.vrpath
[Child 7252] WARNING: pipe error: 109: file c:/builds/moz2_slave/m-rel-w64-00000000000000000000/build/src/ipc/chromium/src/chrome/common/ipc_channel_win.cc, line 346
[Child 7252] WARNING: pipe error: 109: file c:/builds/moz2_slave/m-rel-w64-00000000000000000000/build/src/ipc/chromium/src/chrome/common/ipc_channel_win.cc, line 346
1505918410564	Marionette	INFO	Listening on port 62040
1505918410575	Marionette	INFO	Listening on port 62040
1505918410892	Marionette	WARN	TLS certificate errors will be ignored for this session
1505918410916	Marionette	DEBUG	loaded listener.js
1505918410930	Marionette	DEBUG	Received DOM event "beforeunload" for "about:blank"
1505918411217	Marionette	DEBUG	Received DOM event "pagehide" for "about:blank"
1505918411217	Marionette	DEBUG	Received DOM event "unload" for "about:blank"
1505918411310	addons.productaddons	ERROR	Request failed certificate checks: [Exception... "Certificate checks failed. See previous errors for details."  nsresult: "0x80070057 (NS_ERROR_ILLEGAL_VALUE)"  location: "JS frame :: resource://gre/modules/CertUtils.jsm :: validateCert :: line 113"  data: no]
1505918411472	Marionette	DEBUG	Received DOM event "DOMContentLoaded" for "https://www.google.co.in/search?q=FlightGear&source=lnms&tbm=isch"
1505918411768	Marionette	DEBUG	Received observer notification "outer-window-destroyed" for "4294967301"
1505918411776	Marionette	DEBUG	Received DOM event "DOMContentLoaded" for "https://www.google.co.in/search?q=FlightGear&source=lnms&tbm=isch"
1505918411778	Marionette	DEBUG	Received DOM event "pageshow" for "https://www.google.co.in/search?q=FlightGear&source=lnms&tbm=isch"
1505918412137	Marionette	DEBUG	Received DOM event "pageshow" for "https://www.google.co.in/search?q=FlightGear&source=lnms&tbm=isch"
1505918416979	Marionette	DEBUG	Canceled page load listener because no navigation has been detected
[GPU 6244] WARNING: pipe error: 109: file c:/builds/moz2_slave/m-rel-w64-00000000000000000000/build/src/ipc/chromium/src/chrome/common/ipc_channel_win.cc, line 346
[GPU 6244] WARNING: pipe error: 109: file c:/builds/moz2_slave/m-rel-w64-00000000000000000000/build/src/ipc/chromium/src/chrome/common/ipc_channel_win.cc, line 346
Unable to read VR Path Registry from C:\Users\soldier\AppData\Local\openvr\openvrpaths.vrpath
[Child 11732] WARNING: pipe error: 109: file c:/builds/moz2_slave/m-rel-w64-00000000000000000000/build/src/ipc/chromium/src/chrome/common/ipc_channel_win.cc, line 346
[Child 11732] WARNING: pipe error: 109: file c:/builds/moz2_slave/m-rel-w64-00000000000000000000/build/src/ipc/chromium/src/chrome/common/ipc_channel_win.cc, line 346

###!!! [Child][MessageChannel::SendAndWait] Error: Channel error: cannot send/recv

Unable to read VR Path Registry from C:\Users\soldier\AppData\Local\openvr\openvrpaths.vrpath
1505918523392	geckodriver	INFO	geckodriver 0.19.0
1505918523416	geckodriver	INFO	Listening on 127.0.0.1:62120
1505918525452	mozrunner::runner	INFO	Running command: "C:\\Program Files\\Mozilla Firefox\\firefox.exe" "-marionette" "-profile" "C:\\Users\\soldier\\AppData\\Local\\Temp\\rust_mozprofile.tfdFlczJhrfB"
1505918525777	addons.xpi	WARN	Error parsing extensions state: [Exception... "Component returned failure code: 0x80520012 (NS_ERROR_FILE_NOT_FOUND) [amIAddonManagerStartup.readStartupData]"  nsresult: "0x80520012 (NS_ERROR_FILE_NOT_FOUND)"  location: "JS frame :: resource://gre/modules/addons/XPIProvider.jsm :: loadExtensionState :: line 1596"  data: no] Stack trace: loadExtensionState()@resource://gre/modules/addons/XPIProvider.jsm:1596 < getInstallState()@resource://gre/modules/addons/XPIProvider.jsm:1631 < checkForChanges()@resource://gre/modules/addons/XPIProvider.jsm:3152 < startup()@resource://gre/modules/addons/XPIProvider.jsm:2246 < callProvider()@resource://gre/modules/AddonManager.jsm:271 < _startProvider()@resource://gre/modules/AddonManager.jsm:741 < startup()@resource://gre/modules/AddonManager.jsm:908 < startup()@resource://gre/modules/AddonManager.jsm:3122 < observe()@jar:file:///C:/Program%20Files/Mozilla%20Firefox/omni.ja!/components/addonManager.js:65
1505918526076	Marionette	INFO	Enabled via --marionette
Unable to read VR Path Registry from C:\Users\soldier\AppData\Local\openvr\openvrpaths.vrpath
[GPU 16056] WARNING: pipe error: 109: file c:/builds/moz2_slave/m-rel-w64-00000000000000000000/build/src/ipc/chromium/src/chrome/common/ipc_channel_win.cc, line 346
1505918527114	Marionette	INFO	Listening on port 62126
1505918527124	Marionette	INFO	Listening on port 62126
1505918527465	Marionette	WARN	TLS certificate errors will be ignored for this session
1505918527489	Marionette	DEBUG	loaded listener.js
1505918527503	Marionette	DEBUG	Received DOM event "beforeunload" for "about:blank"
1505918527809	addons.productaddons	ERROR	Request failed certificate checks: [Exception... "Certificate checks failed. See previous errors for details."  nsresult: "0x80070057 (NS_ERROR_ILLEGAL_VALUE)"  location: "JS frame :: resource://gre/modules/CertUtils.jsm :: validateCert :: line 113"  data: no]
1505918527895	Marionette	DEBUG	Received DOM event "pagehide" for "about:blank"
1505918527895	Marionette	DEBUG	Received DOM event "unload" for "about:blank"
1505918528250	Marionette	DEBUG	Received DOM event "DOMContentLoaded" for "https://www.google.co.in/search?q=FlightGear&source=lnms&tbm=isch"
1505918528677	Marionette	DEBUG	Received observer notification "outer-window-destroyed" for "2147483656"
1505918528685	Marionette	DEBUG	Received DOM event "DOMContentLoaded" for "https://www.google.co.in/search?q=FlightGear&source=lnms&tbm=isch"
1505918528695	Marionette	DEBUG	Received DOM event "pageshow" for "https://www.google.co.in/search?q=FlightGear&source=lnms&tbm=isch"
1505918528909	Marionette	DEBUG	Received DOM event "pageshow" for "https://www.google.co.in/search?q=FlightGear&source=lnms&tbm=isch"
1505918533821	Marionette	DEBUG	Canceled page load listener because no navigation has been detected
1505918538887	Marionette	INFO	New connections will no longer be accepted
1505918539112	geckodriver	INFO	geckodriver 0.19.0
1505918539137	geckodriver	INFO	Listening on 127.0.0.1:62177
1505918541149	mozrunner::runner	INFO	Running command: "C:\\Program Files\\Mozilla Firefox\\firefox.exe" "-marionette" "-profile" "C:\\Users\\soldier\\AppData\\Local\\Temp\\rust_mozprofile.4YBJydQiBf3d"
1505918541326	addons.xpi	WARN	Error parsing extensions state: [Exception... "Component returned failure code: 0x80520012 (NS_ERROR_FILE_NOT_FOUND) [amIAddonManagerStartup.readStartupData]"  nsresult: "0x80520012 (NS_ERROR_FILE_NOT_FOUND)"  location: "JS frame :: resource://gre/modules/addons/XPIProvider.jsm :: loadExtensionState :: line 1596"  data: no] Stack trace: loadExtensionState()@resource://gre/modules/addons/XPIProvider.jsm:1596 < getInstallState()@resource://gre/modules/addons/XPIProvider.jsm:1631 < checkForChanges()@resource://gre/modules/addons/XPIProvider.jsm:3152 < startup()@resource://gre/modules/addons/XPIProvider.jsm:2246 < callProvider()@resource://gre/modules/AddonManager.jsm:271 < _startProvider()@resource://gre/modules/AddonManager.jsm:741 < startup()@resource://gre/modules/AddonManager.jsm:908 < startup()@resource://gre/modules/AddonManager.jsm:3122 < observe()@jar:file:///C:/Program%20Files/Mozilla%20Firefox/omni.ja!/components/addonManager.js:65
1505918541631	Marionette	INFO	Enabled via --marionette
Unable to read VR Path Registry from C:\Users\soldier\AppData\Local\openvr\openvrpaths.vrpath
[GPU 14488] WARNING: pipe error: 109: file c:/builds/moz2_slave/m-rel-w64-00000000000000000000/build/src/ipc/chromium/src/chrome/common/ipc_channel_win.cc, line 346
Unable to read VR Path Registry from C:\Users\soldier\AppData\Local\openvr\openvrpaths.vrpath
[Child 8924] WARNING: pipe error: 109: file c:/builds/moz2_slave/m-rel-w64-00000000000000000000/build/src/ipc/chromium/src/chrome/common/ipc_channel_win.cc, line 346
[Child 8924] WARNING: pipe error: 109: file c:/builds/moz2_slave/m-rel-w64-00000000000000000000/build/src/ipc/chromium/src/chrome/common/ipc_channel_win.cc, line 346
1505918542664	Marionette	INFO	Listening on port 62183
1505918542675	Marionette	INFO	Listening on port 62183
1505918543163	Marionette	WARN	TLS certificate errors will be ignored for this session
1505918543187	Marionette	DEBUG	loaded listener.js
1505918543201	Marionette	DEBUG	Received DOM event "beforeunload" for "about:blank"
1505918543382	addons.productaddons	ERROR	Request failed certificate checks: [Exception... "Certificate checks failed. See previous errors for details."  nsresult: "0x80070057 (NS_ERROR_ILLEGAL_VALUE)"  location: "JS frame :: resource://gre/modules/CertUtils.jsm :: validateCert :: line 113"  data: no]
1505918543501	Marionette	DEBUG	Received DOM event "pagehide" for "about:blank"
1505918543502	Marionette	DEBUG	Received DOM event "unload" for "about:blank"
1505918544013	Marionette	DEBUG	Received DOM event "DOMContentLoaded" for "https://www.google.co.in/search?q=A380&source=lnms&tbm=isch"
1505918544331	Marionette	DEBUG	Received observer notification "outer-window-destroyed" for "4294967301"
1505918544340	Marionette	DEBUG	Received DOM event "DOMContentLoaded" for "https://www.google.co.in/search?q=A380&source=lnms&tbm=isch"
1505918544342	Marionette	DEBUG	Received DOM event "pageshow" for "https://www.google.co.in/search?q=A380&source=lnms&tbm=isch"
1505918544704	Marionette	DEBUG	Received DOM event "pageshow" for "https://www.google.co.in/search?q=A380&source=lnms&tbm=isch"
1505918549544	Marionette	DEBUG	Canceled page load listener because no navigation has been detected
1505918556173	Marionette	INFO	New connections will no longer be accepted
1505919801024	geckodriver	INFO	geckodriver 0.19.0
1505919801031	geckodriver	INFO	Listening on 127.0.0.1:62945
1505919803067	mozrunner::runner	INFO	Running command: "C:\\Program Files\\Mozilla Firefox\\firefox.exe" "-marionette" "-profile" "C:\\Users\\soldier\\AppData\\Local\\Temp\\rust_mozprofile.mrngYKEZ4Ela"
1505919803429	addons.xpi	WARN	Error parsing extensions state: [Exception... "Component returned failure code: 0x80520012 (NS_ERROR_FILE_NOT_FOUND) [amIAddonManagerStartup.readStartupData]"  nsresult: "0x80520012 (NS_ERROR_FILE_NOT_FOUND)"  location: "JS frame :: resource://gre/modules/addons/XPIProvider.jsm :: loadExtensionState :: line 1596"  data: no] Stack trace: loadExtensionState()@resource://gre/modules/addons/XPIProvider.jsm:1596 < getInstallState()@resource://gre/modules/addons/XPIProvider.jsm:1631 < checkForChanges()@resource://gre/modules/addons/XPIProvider.jsm:3152 < startup()@resource://gre/modules/addons/XPIProvider.jsm:2246 < callProvider()@resource://gre/modules/AddonManager.jsm:271 < _startProvider()@resource://gre/modules/AddonManager.jsm:741 < startup()@resource://gre/modules/AddonManager.jsm:908 < startup()@resource://gre/modules/AddonManager.jsm:3122 < observe()@jar:file:///C:/Program%20Files/Mozilla%20Firefox/omni.ja!/components/addonManager.js:65
1505919803753	Marionette	INFO	Enabled via --marionette
Unable to read VR Path Registry from C:\Users\soldier\AppData\Local\openvr\openvrpaths.vrpath
[GPU 11376] WARNING: pipe error: 109: file c:/builds/moz2_slave/m-rel-w64-00000000000000000000/build/src/ipc/chromium/src/chrome/common/ipc_channel_win.cc, line 346
Unable to read VR Path Registry from C:\Users\soldier\AppData\Local\openvr\openvrpaths.vrpath
[Parent 5928] WARNING: pipe error: 109: file c:/builds/moz2_slave/m-rel-w64-00000000000000000000/build/src/ipc/chromium/src/chrome/common/ipc_channel_win.cc, line 346
Unable to read VR Path Registry from C:\Users\soldier\AppData\Local\openvr\openvrpaths.vrpath
[Child 7740] WARNING: pipe error: 109: file c:/builds/moz2_slave/m-rel-w64-00000000000000000000/build/src/ipc/chromium/src/chrome/common/ipc_channel_win.cc, line 346
[Child 7740] WARNING: pipe error: 109: file c:/builds/moz2_slave/m-rel-w64-00000000000000000000/build/src/ipc/chromium/src/chrome/common/ipc_channel_win.cc, line 346
1505919805004	Marionette	INFO	Listening on port 62951
1505919805012	Marionette	INFO	Listening on port 62951
1505919805083	Marionette	WARN	TLS certificate errors will be ignored for this session
1505919805107	Marionette	DEBUG	loaded listener.js
1505919805137	Marionette	DEBUG	Received DOM event "beforeunload" for "about:blank"
1505919805465	Marionette	DEBUG	Received DOM event "pagehide" for "about:blank"
1505919805465	Marionette	DEBUG	Received DOM event "unload" for "about:blank"
1505919805743	addons.productaddons	ERROR	Request failed certificate checks: [Exception... "Certificate checks failed. See previous errors for details."  nsresult: "0x80070057 (NS_ERROR_ILLEGAL_VALUE)"  location: "JS frame :: resource://gre/modules/CertUtils.jsm :: validateCert :: line 113"  data: no]
1505919806345	Marionette	DEBUG	Received DOM event "DOMContentLoaded" for "https://www.google.co.in/search?q=SoftAnus&source=lnms&tbm=isch"
1505919806654	Marionette	DEBUG	Received observer notification "outer-window-destroyed" for "4294967301"
1505919806676	Marionette	DEBUG	Received DOM event "DOMContentLoaded" for "https://www.google.co.in/search?q=SoftAnus&source=lnms&tbm=isch"
1505919806677	Marionette	DEBUG	Received DOM event "pageshow" for "https://www.google.co.in/search?q=SoftAnus&source=lnms&tbm=isch"
1505919807375	Marionette	DEBUG	Received DOM event "pageshow" for "https://www.google.co.in/search?q=SoftAnus&source=lnms&tbm=isch"
1505919812285	Marionette	DEBUG	Canceled page load listener because no navigation has been detected
1505919816781	Marionette	INFO	New connections will no longer be accepted
1505919817024	geckodriver	INFO	geckodriver 0.19.0
1505919817029	geckodriver	INFO	Listening on 127.0.0.1:63015
1505919819057	mozrunner::runner	INFO	Running command: "C:\\Program Files\\Mozilla Firefox\\firefox.exe" "-marionette" "-profile" "C:\\Users\\soldier\\AppData\\Local\\Temp\\rust_mozprofile.g6vnum0mvynC"
1505919819387	addons.xpi	WARN	Error parsing extensions state: [Exception... "Component returned failure code: 0x80520012 (NS_ERROR_FILE_NOT_FOUND) [amIAddonManagerStartup.readStartupData]"  nsresult: "0x80520012 (NS_ERROR_FILE_NOT_FOUND)"  location: "JS frame :: resource://gre/modules/addons/XPIProvider.jsm :: loadExtensionState :: line 1596"  data: no] Stack trace: loadExtensionState()@resource://gre/modules/addons/XPIProvider.jsm:1596 < getInstallState()@resource://gre/modules/addons/XPIProvider.jsm:1631 < checkForChanges()@resource://gre/modules/addons/XPIProvider.jsm:3152 < startup()@resource://gre/modules/addons/XPIProvider.jsm:2246 < callProvider()@resource://gre/modules/AddonManager.jsm:271 < _startProvider()@resource://gre/modules/AddonManager.jsm:741 < startup()@resource://gre/modules/AddonManager.jsm:908 < startup()@resource://gre/modules/AddonManager.jsm:3122 < observe()@jar:file:///C:/Program%20Files/Mozilla%20Firefox/omni.ja!/components/addonManager.js:65
1505919819690	Marionette	INFO	Enabled via --marionette
Unable to read VR Path Registry from C:\Users\soldier\AppData\Local\openvr\openvrpaths.vrpath
[GPU 13028] WARNING: pipe error: 109: file c:/builds/moz2_slave/m-rel-w64-00000000000000000000/build/src/ipc/chromium/src/chrome/common/ipc_channel_win.cc, line 346
Unable to read VR Path Registry from C:\Users\soldier\AppData\Local\openvr\openvrpaths.vrpath
[Child 16392] WARNING: pipe error: 109: file c:/builds/moz2_slave/m-rel-w64-00000000000000000000/build/src/ipc/chromium/src/chrome/common/ipc_channel_win.cc, line 346
[Child 16392] WARNING: pipe error: 109: file c:/builds/moz2_slave/m-rel-w64-00000000000000000000/build/src/ipc/chromium/src/chrome/common/ipc_channel_win.cc, line 346
1505919820759	Marionette	INFO	Listening on port 63021
1505919820780	Marionette	INFO	Listening on port 63021
1505919821069	Marionette	WARN	TLS certificate errors will be ignored for this session
1505919821093	Marionette	DEBUG	loaded listener.js
1505919821108	Marionette	DEBUG	Received DOM event "beforeunload" for "about:blank"
1505919821400	Marionette	DEBUG	Received DOM event "pagehide" for "about:blank"
1505919821400	Marionette	DEBUG	Received DOM event "unload" for "about:blank"
1505919821463	addons.productaddons	ERROR	Request failed certificate checks: [Exception... "Certificate checks failed. See previous errors for details."  nsresult: "0x80070057 (NS_ERROR_ILLEGAL_VALUE)"  location: "JS frame :: resource://gre/modules/CertUtils.jsm :: validateCert :: line 113"  data: no]
1505919821842	Marionette	DEBUG	Received DOM event "DOMContentLoaded" for "https://www.google.co.in/search?q=Deep&source=lnms&tbm=isch"
1505919822216	Marionette	DEBUG	Received observer notification "outer-window-destroyed" for "4294967301"
1505919822261	Marionette	DEBUG	Received DOM event "DOMContentLoaded" for "https://www.google.co.in/search?q=Deep&source=lnms&tbm=isch"
1505919822264	Marionette	DEBUG	Received DOM event "pageshow" for "https://www.google.co.in/search?q=Deep&source=lnms&tbm=isch"
1505919822617	Marionette	DEBUG	Received DOM event "pageshow" for "https://www.google.co.in/search?q=Deep&source=lnms&tbm=isch"
1505919827515	Marionette	DEBUG	Canceled page load listener because no navigation has been detected
1505919833290	Marionette	INFO	New connections will no longer be accepted
1505919891521	geckodriver	INFO	geckodriver 0.19.0
1505919891526	geckodriver	INFO	Listening on 127.0.0.1:63093
1505919893562	mozrunner::runner	INFO	Running command: "C:\\Program Files\\Mozilla Firefox\\firefox.exe" "-marionette" "-profile" "C:\\Users\\soldier\\AppData\\Local\\Temp\\rust_mozprofile.3AV8YRfjMC0O"
1505919893897	addons.xpi	WARN	Error parsing extensions state: [Exception... "Component returned failure code: 0x80520012 (NS_ERROR_FILE_NOT_FOUND) [amIAddonManagerStartup.readStartupData]"  nsresult: "0x80520012 (NS_ERROR_FILE_NOT_FOUND)"  location: "JS frame :: resource://gre/modules/addons/XPIProvider.jsm :: loadExtensionState :: line 1596"  data: no] Stack trace: loadExtensionState()@resource://gre/modules/addons/XPIProvider.jsm:1596 < getInstallState()@resource://gre/modules/addons/XPIProvider.jsm:1631 < checkForChanges()@resource://gre/modules/addons/XPIProvider.jsm:3152 < startup()@resource://gre/modules/addons/XPIProvider.jsm:2246 < callProvider()@resource://gre/modules/AddonManager.jsm:271 < _startProvider()@resource://gre/modules/AddonManager.jsm:741 < startup()@resource://gre/modules/AddonManager.jsm:908 < startup()@resource://gre/modules/AddonManager.jsm:3122 < observe()@jar:file:///C:/Program%20Files/Mozilla%20Firefox/omni.ja!/components/addonManager.js:65
1505919894197	Marionette	INFO	Enabled via --marionette
Unable to read VR Path Registry from C:\Users\soldier\AppData\Local\openvr\openvrpaths.vrpath
[GPU 6820] WARNING: pipe error: 109: file c:/builds/moz2_slave/m-rel-w64-00000000000000000000/build/src/ipc/chromium/src/chrome/common/ipc_channel_win.cc, line 346
Unable to read VR Path Registry from C:\Users\soldier\AppData\Local\openvr\openvrpaths.vrpath
[Parent 12520] WARNING: pipe error: 109: file c:/builds/moz2_slave/m-rel-w64-00000000000000000000/build/src/ipc/chromium/src/chrome/common/ipc_channel_win.cc, line 346
Unable to read VR Path Registry from C:\Users\soldier\AppData\Local\openvr\openvrpaths.vrpath
[Child 13840] WARNING: pipe error: 109: file c:/builds/moz2_slave/m-rel-w64-00000000000000000000/build/src/ipc/chromium/src/chrome/common/ipc_channel_win.cc, line 346
[Child 13840] WARNING: pipe error: 109: file c:/builds/moz2_slave/m-rel-w64-00000000000000000000/build/src/ipc/chromium/src/chrome/common/ipc_channel_win.cc, line 346
1505919895263	Marionette	INFO	Listening on port 63099
1505919895301	Marionette	INFO	Listening on port 63099
1505919895577	Marionette	WARN	TLS certificate errors will be ignored for this session
1505919895601	Marionette	DEBUG	loaded listener.js
1505919895616	Marionette	DEBUG	Received DOM event "beforeunload" for "about:blank"
1505919895915	Marionette	DEBUG	Received DOM event "pagehide" for "about:blank"
1505919895915	Marionette	DEBUG	Received DOM event "unload" for "about:blank"
1505919896000	addons.productaddons	ERROR	Request failed certificate checks: [Exception... "Certificate checks failed. See previous errors for details."  nsresult: "0x80070057 (NS_ERROR_ILLEGAL_VALUE)"  location: "JS frame :: resource://gre/modules/CertUtils.jsm :: validateCert :: line 113"  data: no]
1505919896864	Marionette	DEBUG	Received DOM event "DOMContentLoaded" for "https://www.google.co.in/search?q=BlueWaffle&source=lnms&tbm=isch"
1505919897218	Marionette	DEBUG	Received observer notification "outer-window-destroyed" for "4294967301"
1505919897221	Marionette	DEBUG	Received DOM event "DOMContentLoaded" for "https://www.google.co.in/search?q=BlueWaffle&source=lnms&tbm=isch"
1505919897223	Marionette	DEBUG	Received DOM event "pageshow" for "https://www.google.co.in/search?q=BlueWaffle&source=lnms&tbm=isch"
1505919897733	Marionette	DEBUG	Received DOM event "pageshow" for "https://www.google.co.in/search?q=BlueWaffle&source=lnms&tbm=isch"
[GPU 6820] WARNING: pipe error: 109: file c:/builds/moz2_slave/m-rel-w64-00000000000000000000/build/src/ipc/chromium/src/chrome/common/ipc_channel_win.cc, line 346
[GPU 6820] WARNING: pipe error: 109: file c:/builds/moz2_slave/m-rel-w64-00000000000000000000/build/src/ipc/chromium/src/chrome/common/ipc_channel_win.cc, line 346
Unable to read VR Path Registry from C:\Users\soldier\AppData\Local\openvr\openvrpaths.vrpath
[Child 1144] WARNING: pipe error: 109: file c:/builds/moz2_slave/m-rel-w64-00000000000000000000/build/src/ipc/chromium/src/chrome/common/ipc_channel_win.cc, line 346

###!!! [Child][MessageChannel::SendAndWait] Error: Channel error: cannot send/recv

1506019557357	geckodriver	INFO	geckodriver 0.19.0
1506019557443	geckodriver	INFO	Listening on 127.0.0.1:51144
1506020100386	geckodriver	INFO	geckodriver 0.19.0
1506020100402	geckodriver	INFO	Listening on 127.0.0.1:51277
1506020102705	mozrunner::runner	INFO	Running command: "C:\\Program Files\\Mozilla Firefox\\firefox.exe" "-marionette" "-profile" "C:\\Users\\Arnzok\\AppData\\Local\\Temp\\rust_mozprofile.Ggjb0WLY53gZ"
1506020104465	addons.xpi	WARN	Error parsing extensions state: [Exception... "Component returned failure code: 0x80520012 (NS_ERROR_FILE_NOT_FOUND) [amIAddonManagerStartup.readStartupData]"  nsresult: "0x80520012 (NS_ERROR_FILE_NOT_FOUND)"  location: "JS frame :: resource://gre/modules/addons/XPIProvider.jsm :: loadExtensionState :: line 1596"  data: no] Stack trace: loadExtensionState()@resource://gre/modules/addons/XPIProvider.jsm:1596 < getInstallState()@resource://gre/modules/addons/XPIProvider.jsm:1631 < checkForChanges()@resource://gre/modules/addons/XPIProvider.jsm:3152 < startup()@resource://gre/modules/addons/XPIProvider.jsm:2246 < callProvider()@resource://gre/modules/AddonManager.jsm:271 < _startProvider()@resource://gre/modules/AddonManager.jsm:741 < startup()@resource://gre/modules/AddonManager.jsm:908 < startup()@resource://gre/modules/AddonManager.jsm:3122 < observe()@jar:file:///C:/Program%20Files/Mozilla%20Firefox/omni.ja!/components/addonManager.js:65
1506020105630	Marionette	INFO	Enabled via --marionette
Unable to read VR Path Registry from C:\Users\Arnzok\AppData\Local\openvr\openvrpaths.vrpath
JavaScript error: resource:///modules/ExtensionsUI.jsm, line 50: TypeError: RecentWindow.getMostRecentBrowserWindow(...) is null
Unable to read VR Path Registry from C:\Users\Arnzok\AppData\Local\openvr\openvrpaths.vrpath
[GPU 8448] WARNING: pipe error: 109: file c:/builds/moz2_slave/m-rel-w64-00000000000000000000/build/src/ipc/chromium/src/chrome/common/ipc_channel_win.cc, line 346
1506020111216	Marionette	INFO	Listening on port 51283
1506020111279	Marionette	INFO	Listening on port 51283
1506020112501	Marionette	WARN	TLS certificate errors will be ignored for this session
1506020112586	Marionette	DEBUG	loaded listener.js
1506020112657	Marionette	DEBUG	Received DOM event "beforeunload" for "about:blank"
1506020112959	Marionette	DEBUG	Received DOM event "pagehide" for "about:blank"
1506020112960	Marionette	DEBUG	Received DOM event "unload" for "about:blank"
1506020113987	Marionette	DEBUG	Received DOM event "DOMContentLoaded" for "https://www.google.co.in/search?q=FlightGear&source=lnms&tbm=isch"
1506020114637	Marionette	DEBUG	Received observer notification "outer-window-destroyed" for "2147483656"
1506020114803	Marionette	DEBUG	Received DOM event "DOMContentLoaded" for "https://www.google.co.in/search?q=FlightGear&source=lnms&tbm=isch"
1506020114832	Marionette	DEBUG	Received DOM event "pageshow" for "https://www.google.co.in/search?q=FlightGear&source=lnms&tbm=isch"
1506020116054	Marionette	DEBUG	Received DOM event "pageshow" for "https://www.google.co.in/search?q=FlightGear&source=lnms&tbm=isch"
1506020122320	Marionette	DEBUG	Canceled page load listener because no navigation has been detected
1506020129227	Marionette	INFO	New connections will no longer be accepted
1506020131213	geckodriver	INFO	geckodriver 0.19.0
1506020131229	geckodriver	INFO	Listening on 127.0.0.1:51349
1506020133499	mozrunner::runner	INFO	Running command: "C:\\Program Files\\Mozilla Firefox\\firefox.exe" "-marionette" "-profile" "C:\\Users\\Arnzok\\AppData\\Local\\Temp\\rust_mozprofile.gPDNAK3hurxs"
1506020136562	addons.xpi	WARN	Error parsing extensions state: [Exception... "Component returned failure code: 0x80520012 (NS_ERROR_FILE_NOT_FOUND) [amIAddonManagerStartup.readStartupData]"  nsresult: "0x80520012 (NS_ERROR_FILE_NOT_FOUND)"  location: "JS frame :: resource://gre/modules/addons/XPIProvider.jsm :: loadExtensionState :: line 1596"  data: no] Stack trace: loadExtensionState()@resource://gre/modules/addons/XPIProvider.jsm:1596 < getInstallState()@resource://gre/modules/addons/XPIProvider.jsm:1631 < checkForChanges()@resource://gre/modules/addons/XPIProvider.jsm:3152 < startup()@resource://gre/modules/addons/XPIProvider.jsm:2246 < callProvider()@resource://gre/modules/AddonManager.jsm:271 < _startProvider()@resource://gre/modules/AddonManager.jsm:741 < startup()@resource://gre/modules/AddonManager.jsm:908 < startup()@resource://gre/modules/AddonManager.jsm:3122 < observe()@jar:file:///C:/Program%20Files/Mozilla%20Firefox/omni.ja!/components/addonManager.js:65
1506020137630	Marionette	INFO	Enabled via --marionette
Unable to read VR Path Registry from C:\Users\Arnzok\AppData\Local\openvr\openvrpaths.vrpath
[GPU 1372] WARNING: pipe error: 109: file c:/builds/moz2_slave/m-rel-w64-00000000000000000000/build/src/ipc/chromium/src/chrome/common/ipc_channel_win.cc, line 346
Unable to read VR Path Registry from C:\Users\Arnzok\AppData\Local\openvr\openvrpaths.vrpath
[Parent 1084] WARNING: pipe error: 109: file c:/builds/moz2_slave/m-rel-w64-00000000000000000000/build/src/ipc/chromium/src/chrome/common/ipc_channel_win.cc, line 346
Unable to read VR Path Registry from C:\Users\Arnzok\AppData\Local\openvr\openvrpaths.vrpath
[Child 6772] WARNING: pipe error: 109: file c:/builds/moz2_slave/m-rel-w64-00000000000000000000/build/src/ipc/chromium/src/chrome/common/ipc_channel_win.cc, line 346
[Child 6772] WARNING: pipe error: 109: file c:/builds/moz2_slave/m-rel-w64-00000000000000000000/build/src/ipc/chromium/src/chrome/common/ipc_channel_win.cc, line 346
1506020142783	Marionette	INFO	Listening on port 51356
1506020142808	Marionette	INFO	Listening on port 51356
1506020143100	Marionette	WARN	TLS certificate errors will be ignored for this session
1506020143156	Marionette	DEBUG	loaded listener.js
1506020143199	Marionette	DEBUG	Received DOM event "beforeunload" for "about:blank"
1506020143676	Marionette	DEBUG	Received DOM event "pagehide" for "about:blank"
1506020143676	Marionette	DEBUG	Received DOM event "unload" for "about:blank"
1506020144388	Marionette	DEBUG	Received DOM event "DOMContentLoaded" for "https://www.google.co.in/search?q=A380&source=lnms&tbm=isch"
1506020145165	Marionette	DEBUG	Received observer notification "outer-window-destroyed" for "4294967301"
1506020145212	Marionette	DEBUG	Received DOM event "DOMContentLoaded" for "https://www.google.co.in/search?q=A380&source=lnms&tbm=isch"
1506020145215	Marionette	DEBUG	Received DOM event "pageshow" for "https://www.google.co.in/search?q=A380&source=lnms&tbm=isch"
1506020145764	Marionette	DEBUG	Received DOM event "pageshow" for "https://www.google.co.in/search?q=A380&source=lnms&tbm=isch"
1506020151292	Marionette	DEBUG	Canceled page load listener because no navigation has been detected
1506020157887	Marionette	INFO	New connections will no longer be accepted

###!!! [Child][MessageChannel] Error: (msgtype=0x8A0016,name=PLayerTransaction::Msg_ClearCachedResources) Channel error: cannot send/recv


###!!! [Child][MessageChannel] Error: (msgtype=0x8A0007,name=PLayerTransaction::Msg_ReleaseCompositable) Channel error: cannot send/recv


###!!! [Child][MessageChannel] Error: (msgtype=0xE40003,name=PTexture::Msg_Destroy) Channel error: cannot send/recv


###!!! [Child][MessageChannel] Error: (msgtype=0xE40003,name=PTexture::Msg_Destroy) Channel error: cannot send/recv


###!!! [Child][MessageChannel] Error: (msgtype=0x8A0007,name=PLayerTransaction::Msg_ReleaseCompositable) Channel error: cannot send/recv


###!!! [Child][MessageChannel] Error: (msgtype=0xE40003,name=PTexture::Msg_Destroy) Channel error: cannot send/recv


###!!! [Child][MessageChannel] Error: (msgtype=0xE40003,name=PTexture::Msg_Destroy) Channel error: cannot send/recv


###!!! [Child][MessageChannel] Error: (msgtype=0x8A0007,name=PLayerTransaction::Msg_ReleaseCompositable) Channel error: cannot send/recv


###!!! [Child][MessageChannel] Error: (msgtype=0xE40003,name=PTexture::Msg_Destroy) Channel error: cannot send/recv


###!!! [Child][MessageChannel] Error: (msgtype=0xE40003,name=PTexture::Msg_Destroy) Channel error: cannot send/recv


###!!! [Child][MessageChannel] Error: (msgtype=0x8A0007,name=PLayerTransaction::Msg_ReleaseCompositable) Channel error: cannot send/recv


###!!! [Child][MessageChannel] Error: (msgtype=0x8A0006,name=PLayerTransaction::Msg_ReleaseLayer) Channel error: cannot send/recv


###!!! [Child][MessageChannel] Error: (msgtype=0x8A0006,name=PLayerTransaction::Msg_ReleaseLayer) Channel error: cannot send/recv


###!!! [Child][MessageChannel] Error: (msgtype=0x8A0006,name=PLayerTransaction::Msg_ReleaseLayer) Channel error: cannot send/recv


###!!! [Child][MessageChannel] Error: (msgtype=0x8A0006,name=PLayerTransaction::Msg_ReleaseLayer) Channel error: cannot send/recv


###!!! [Child][MessageChannel] Error: (msgtype=0x8A0006,name=PLayerTransaction::Msg_ReleaseLayer) Channel error: cannot send/recv


###!!! [Child][MessageChannel] Error: (msgtype=0x8A0006,name=PLayerTransaction::Msg_ReleaseLayer) Channel error: cannot send/recv


###!!! [Child][MessageChannel] Error: (msgtype=0x8A0006,name=PLayerTransaction::Msg_ReleaseLayer) Channel error: cannot send/recv


###!!! [Child][MessageChannel] Error: (msgtype=0x8A0006,name=PLayerTransaction::Msg_ReleaseLayer) Channel error: cannot send/recv

